[0.580s] DEBUG:colcon:Command line arguments: ['/usr/bin/colcon', 'build', '--packages-select', 'setpoints_publisher']
[0.581s] DEBUG:colcon:Parsed command line arguments: Namespace(log_base=None, log_level=None, verb_name='build', build_base='build', install_base='install', merge_install=False, symlink_install=False, test_result_base=None, continue_on_error=False, executor='parallel', parallel_workers=3, event_handlers=None, ignore_user_meta=False, metas=['./colcon.meta'], base_paths=['.'], packages_ignore=None, packages_ignore_regex=None, paths=None, packages_up_to=None, packages_up_to_regex=None, packages_above=None, packages_above_and_dependencies=None, packages_above_depth=None, packages_select_by_dep=None, packages_skip_by_dep=None, packages_skip_up_to=None, packages_select_build_failed=False, packages_skip_build_finished=False, packages_select_test_failures=False, packages_skip_test_passed=False, packages_select=['setpoints_publisher'], packages_skip=None, packages_select_regex=None, packages_skip_regex=None, packages_start=None, packages_end=None, allow_overriding=[], cmake_args=None, cmake_target=None, cmake_target_skip_unavailable=False, cmake_clean_cache=False, cmake_clean_first=False, cmake_force_configure=False, ament_cmake_args=None, catkin_cmake_args=None, catkin_skip_building_tests=False, verb_parser=<colcon_defaults.argument_parser.defaults.DefaultArgumentsDecorator object at 0xffff7ddf0790>, verb_extension=<colcon_core.verb.build.BuildVerb object at 0xffff7e042050>, main=<bound method BuildVerb.main of <colcon_core.verb.build.BuildVerb object at 0xffff7e042050>>)
[1.618s] Level 1:colcon.colcon_core.package_discovery:discover_packages(colcon_meta) check parameters
[1.619s] Level 1:colcon.colcon_core.package_discovery:discover_packages(recursive) check parameters
[1.620s] Level 1:colcon.colcon_core.package_discovery:discover_packages(ignore) check parameters
[1.620s] Level 1:colcon.colcon_core.package_discovery:discover_packages(path) check parameters
[1.621s] Level 1:colcon.colcon_core.package_discovery:discover_packages(colcon_meta) discover
[1.621s] Level 1:colcon.colcon_core.package_discovery:discover_packages(recursive) discover
[1.622s] INFO:colcon.colcon_core.package_discovery:Crawling recursively for packages in '/home/asdfr_cbl_08/ROS2-RELbot'
[1.622s] Level 1:colcon.colcon_core.package_identification:_identify(.) by extensions ['ignore', 'ignore_ament_install']
[1.623s] Level 1:colcon.colcon_core.package_identification:_identify(.) by extension 'ignore'
[1.624s] Level 1:colcon.colcon_core.package_identification:_identify(.) by extension 'ignore_ament_install'
[1.624s] Level 1:colcon.colcon_core.package_identification:_identify(.) by extensions ['colcon_pkg']
[1.625s] Level 1:colcon.colcon_core.package_identification:_identify(.) by extension 'colcon_pkg'
[1.625s] Level 1:colcon.colcon_core.package_identification:_identify(.) by extensions ['colcon_meta']
[1.626s] Level 1:colcon.colcon_core.package_identification:_identify(.) by extension 'colcon_meta'
[1.626s] Level 1:colcon.colcon_core.package_identification:_identify(.) by extensions ['ros']
[1.627s] Level 1:colcon.colcon_core.package_identification:_identify(.) by extension 'ros'
[1.694s] Level 1:colcon.colcon_core.package_identification:_identify(.) by extensions ['cmake', 'python']
[1.694s] Level 1:colcon.colcon_core.package_identification:_identify(.) by extension 'cmake'
[1.695s] Level 1:colcon.colcon_core.package_identification:_identify(.) by extension 'python'
[1.695s] Level 1:colcon.colcon_core.package_identification:_identify(.) by extensions ['python_setup_py']
[1.696s] Level 1:colcon.colcon_core.package_identification:_identify(.) by extension 'python_setup_py'
[1.696s] Level 1:colcon.colcon_core.package_identification:_identify(build) by extensions ['ignore', 'ignore_ament_install']
[1.697s] Level 1:colcon.colcon_core.package_identification:_identify(build) by extension 'ignore'
[1.697s] Level 1:colcon.colcon_core.package_identification:_identify(build) ignored
[1.698s] Level 1:colcon.colcon_core.package_identification:_identify(install) by extensions ['ignore', 'ignore_ament_install']
[1.700s] Level 1:colcon.colcon_core.package_identification:_identify(install) by extension 'ignore'
[1.701s] Level 1:colcon.colcon_core.package_identification:_identify(install) ignored
[1.702s] Level 1:colcon.colcon_core.package_identification:_identify(log) by extensions ['ignore', 'ignore_ament_install']
[1.704s] Level 1:colcon.colcon_core.package_identification:_identify(log) by extension 'ignore'
[1.705s] Level 1:colcon.colcon_core.package_identification:_identify(log) ignored
[1.706s] Level 1:colcon.colcon_core.package_identification:_identify(src) by extensions ['ignore', 'ignore_ament_install']
[1.707s] Level 1:colcon.colcon_core.package_identification:_identify(src) by extension 'ignore'
[1.708s] Level 1:colcon.colcon_core.package_identification:_identify(src) by extension 'ignore_ament_install'
[1.709s] Level 1:colcon.colcon_core.package_identification:_identify(src) by extensions ['colcon_pkg']
[1.709s] Level 1:colcon.colcon_core.package_identification:_identify(src) by extension 'colcon_pkg'
[1.710s] Level 1:colcon.colcon_core.package_identification:_identify(src) by extensions ['colcon_meta']
[1.711s] Level 1:colcon.colcon_core.package_identification:_identify(src) by extension 'colcon_meta'
[1.712s] Level 1:colcon.colcon_core.package_identification:_identify(src) by extensions ['ros']
[1.713s] Level 1:colcon.colcon_core.package_identification:_identify(src) by extension 'ros'
[1.714s] Level 1:colcon.colcon_core.package_identification:_identify(src) by extensions ['cmake', 'python']
[1.715s] Level 1:colcon.colcon_core.package_identification:_identify(src) by extension 'cmake'
[1.716s] Level 1:colcon.colcon_core.package_identification:_identify(src) by extension 'python'
[1.717s] Level 1:colcon.colcon_core.package_identification:_identify(src) by extensions ['python_setup_py']
[1.717s] Level 1:colcon.colcon_core.package_identification:_identify(src) by extension 'python_setup_py'
[1.718s] Level 1:colcon.colcon_core.package_identification:_identify(src/cam_imag_pro) by extensions ['ignore', 'ignore_ament_install']
[1.719s] Level 1:colcon.colcon_core.package_identification:_identify(src/cam_imag_pro) by extension 'ignore'
[1.720s] Level 1:colcon.colcon_core.package_identification:_identify(src/cam_imag_pro) by extension 'ignore_ament_install'
[1.720s] Level 1:colcon.colcon_core.package_identification:_identify(src/cam_imag_pro) by extensions ['colcon_pkg']
[1.721s] Level 1:colcon.colcon_core.package_identification:_identify(src/cam_imag_pro) by extension 'colcon_pkg'
[1.721s] Level 1:colcon.colcon_core.package_identification:_identify(src/cam_imag_pro) by extensions ['colcon_meta']
[1.722s] Level 1:colcon.colcon_core.package_identification:_identify(src/cam_imag_pro) by extension 'colcon_meta'
[1.722s] Level 1:colcon.colcon_core.package_identification:_identify(src/cam_imag_pro) by extensions ['ros']
[1.723s] Level 1:colcon.colcon_core.package_identification:_identify(src/cam_imag_pro) by extension 'ros'
[1.745s] DEBUG:colcon.colcon_core.package_identification:Package 'src/cam_imag_pro' with type 'ros.ament_cmake' and name 'cam_imag_pro'
[1.746s] Level 1:colcon.colcon_core.package_identification:_identify(src/setpoints_publisher) by extensions ['ignore', 'ignore_ament_install']
[1.747s] Level 1:colcon.colcon_core.package_identification:_identify(src/setpoints_publisher) by extension 'ignore'
[1.747s] Level 1:colcon.colcon_core.package_identification:_identify(src/setpoints_publisher) by extension 'ignore_ament_install'
[1.748s] Level 1:colcon.colcon_core.package_identification:_identify(src/setpoints_publisher) by extensions ['colcon_pkg']
[1.749s] Level 1:colcon.colcon_core.package_identification:_identify(src/setpoints_publisher) by extension 'colcon_pkg'
[1.749s] Level 1:colcon.colcon_core.package_identification:_identify(src/setpoints_publisher) by extensions ['colcon_meta']
[1.750s] Level 1:colcon.colcon_core.package_identification:_identify(src/setpoints_publisher) by extension 'colcon_meta'
[1.750s] Level 1:colcon.colcon_core.package_identification:_identify(src/setpoints_publisher) by extensions ['ros']
[1.751s] Level 1:colcon.colcon_core.package_identification:_identify(src/setpoints_publisher) by extension 'ros'
[1.755s] DEBUG:colcon.colcon_core.package_identification:Package 'src/setpoints_publisher' with type 'ros.ament_cmake' and name 'setpoints_publisher'
[1.755s] Level 1:colcon.colcon_core.package_discovery:discover_packages(recursive) using defaults
[1.756s] Level 1:colcon.colcon_core.package_discovery:discover_packages(ignore) discover
[1.756s] Level 1:colcon.colcon_core.package_discovery:discover_packages(ignore) using defaults
[1.756s] Level 1:colcon.colcon_core.package_discovery:discover_packages(path) discover
[1.757s] Level 1:colcon.colcon_core.package_discovery:discover_packages(path) using defaults
[1.885s] INFO:colcon.colcon_core.package_selection:Skipping not selected package 'cam_imag_pro' in 'src/cam_imag_pro'
[1.888s] Level 1:colcon.colcon_core.package_discovery:discover_packages(prefix_path) check parameters
[1.888s] Level 1:colcon.colcon_core.package_discovery:discover_packages(prefix_path) discover
[1.900s] DEBUG:colcon.colcon_installed_package_information.package_discovery:Found 2 installed packages in /home/asdfr_cbl_08/ROS2-RELbot/install
[1.909s] DEBUG:colcon.colcon_installed_package_information.package_discovery:Found 270 installed packages in /opt/ros/humble
[1.996s] Level 1:colcon.colcon_core.package_discovery:discover_packages(prefix_path) using defaults
[2.319s] Level 5:colcon.colcon_core.verb:set package 'setpoints_publisher' build argument 'cmake_args' from command line to 'None'
[2.320s] Level 5:colcon.colcon_core.verb:set package 'setpoints_publisher' build argument 'cmake_target' from command line to 'None'
[2.320s] Level 5:colcon.colcon_core.verb:set package 'setpoints_publisher' build argument 'cmake_target_skip_unavailable' from command line to 'False'
[2.321s] Level 5:colcon.colcon_core.verb:set package 'setpoints_publisher' build argument 'cmake_clean_cache' from command line to 'False'
[2.321s] Level 5:colcon.colcon_core.verb:set package 'setpoints_publisher' build argument 'cmake_clean_first' from command line to 'False'
[2.321s] Level 5:colcon.colcon_core.verb:set package 'setpoints_publisher' build argument 'cmake_force_configure' from command line to 'False'
[2.322s] Level 5:colcon.colcon_core.verb:set package 'setpoints_publisher' build argument 'ament_cmake_args' from command line to 'None'
[2.322s] Level 5:colcon.colcon_core.verb:set package 'setpoints_publisher' build argument 'catkin_cmake_args' from command line to 'None'
[2.323s] Level 5:colcon.colcon_core.verb:set package 'setpoints_publisher' build argument 'catkin_skip_building_tests' from command line to 'False'
[2.323s] DEBUG:colcon.colcon_core.verb:Building package 'setpoints_publisher' with the following arguments: {'ament_cmake_args': None, 'build_base': '/home/asdfr_cbl_08/ROS2-RELbot/build/setpoints_publisher', 'catkin_cmake_args': None, 'catkin_skip_building_tests': False, 'cmake_args': None, 'cmake_clean_cache': False, 'cmake_clean_first': False, 'cmake_force_configure': False, 'cmake_target': None, 'cmake_target_skip_unavailable': False, 'install_base': '/home/asdfr_cbl_08/ROS2-RELbot/install/setpoints_publisher', 'merge_install': False, 'path': '/home/asdfr_cbl_08/ROS2-RELbot/src/setpoints_publisher', 'symlink_install': False, 'test_result_base': None}
[2.324s] INFO:colcon.colcon_core.executor:Executing jobs using 'parallel' executor
[2.328s] DEBUG:colcon.colcon_parallel_executor.executor.parallel:run_until_complete
[2.329s] INFO:colcon.colcon_ros.task.ament_cmake.build:Building ROS package in '/home/asdfr_cbl_08/ROS2-RELbot/src/setpoints_publisher' with build type 'ament_cmake'
[2.330s] INFO:colcon.colcon_cmake.task.cmake.build:Building CMake package in '/home/asdfr_cbl_08/ROS2-RELbot/src/setpoints_publisher'
[2.337s] INFO:colcon.colcon_core.plugin_system:Skipping extension 'colcon_core.shell.bat': Not used on non-Windows systems
[2.339s] INFO:colcon.colcon_core.shell:Skip shell extension 'powershell' for command environment: Not usable outside of PowerShell
[2.340s] DEBUG:colcon.colcon_core.shell:Skip shell extension 'dsv' for command environment
[2.378s] DEBUG:colcon.colcon_core.event_handler.log_command:Invoking command in '/home/asdfr_cbl_08/ROS2-RELbot/build/setpoints_publisher': CMAKE_PREFIX_PATH=${CMAKE_PREFIX_PATH}:/opt/ros/humble /usr/bin/cmake --build /home/asdfr_cbl_08/ROS2-RELbot/build/setpoints_publisher -- -j3 -l3
[49.046s] DEBUG:colcon.colcon_core.event_handler.log_command:Invoked command in '/home/asdfr_cbl_08/ROS2-RELbot/build/setpoints_publisher' returned '0': CMAKE_PREFIX_PATH=${CMAKE_PREFIX_PATH}:/opt/ros/humble /usr/bin/cmake --build /home/asdfr_cbl_08/ROS2-RELbot/build/setpoints_publisher -- -j3 -l3
[49.166s] DEBUG:colcon.colcon_core.event_handler.log_command:Invoking command in '/home/asdfr_cbl_08/ROS2-RELbot/build/setpoints_publisher': CMAKE_PREFIX_PATH=${CMAKE_PREFIX_PATH}:/opt/ros/humble /usr/bin/cmake --install /home/asdfr_cbl_08/ROS2-RELbot/build/setpoints_publisher
[49.391s] Level 1:colcon.colcon_core.environment:create_environment_scripts_only(setpoints_publisher)
[49.415s] Level 1:colcon.colcon_core.environment:checking '/home/asdfr_cbl_08/ROS2-RELbot/install/setpoints_publisher' for CMake module files
[49.438s] Level 1:colcon.colcon_core.environment:checking '/home/asdfr_cbl_08/ROS2-RELbot/install/setpoints_publisher' for CMake config files
[49.441s] Level 1:colcon.colcon_core.shell:create_environment_hook('setpoints_publisher', 'cmake_prefix_path')
[49.442s] INFO:colcon.colcon_core.shell:Creating environment hook '/home/asdfr_cbl_08/ROS2-RELbot/install/setpoints_publisher/share/setpoints_publisher/hook/cmake_prefix_path.ps1'
[49.442s] DEBUG:colcon.colcon_core.event_handler.log_command:Invoked command in '/home/asdfr_cbl_08/ROS2-RELbot/build/setpoints_publisher' returned '0': CMAKE_PREFIX_PATH=${CMAKE_PREFIX_PATH}:/opt/ros/humble /usr/bin/cmake --install /home/asdfr_cbl_08/ROS2-RELbot/build/setpoints_publisher
[49.445s] INFO:colcon.colcon_core.shell:Creating environment descriptor '/home/asdfr_cbl_08/ROS2-RELbot/install/setpoints_publisher/share/setpoints_publisher/hook/cmake_prefix_path.dsv'
[49.448s] INFO:colcon.colcon_core.shell:Creating environment hook '/home/asdfr_cbl_08/ROS2-RELbot/install/setpoints_publisher/share/setpoints_publisher/hook/cmake_prefix_path.sh'
[49.460s] Level 1:colcon.colcon_core.environment:checking '/home/asdfr_cbl_08/ROS2-RELbot/install/setpoints_publisher/lib'
[49.462s] Level 1:colcon.colcon_core.environment:checking '/home/asdfr_cbl_08/ROS2-RELbot/install/setpoints_publisher/bin'
[49.463s] Level 1:colcon.colcon_core.environment:checking '/home/asdfr_cbl_08/ROS2-RELbot/install/setpoints_publisher/lib/pkgconfig/setpoints_publisher.pc'
[49.464s] Level 1:colcon.colcon_core.environment:checking '/home/asdfr_cbl_08/ROS2-RELbot/install/setpoints_publisher/lib/python3.10/site-packages'
[49.466s] Level 1:colcon.colcon_core.environment:checking '/home/asdfr_cbl_08/ROS2-RELbot/install/setpoints_publisher/bin'
[49.468s] INFO:colcon.colcon_core.shell:Creating package script '/home/asdfr_cbl_08/ROS2-RELbot/install/setpoints_publisher/share/setpoints_publisher/package.ps1'
[49.474s] INFO:colcon.colcon_core.shell:Creating package descriptor '/home/asdfr_cbl_08/ROS2-RELbot/install/setpoints_publisher/share/setpoints_publisher/package.dsv'
[49.477s] INFO:colcon.colcon_core.shell:Creating package script '/home/asdfr_cbl_08/ROS2-RELbot/install/setpoints_publisher/share/setpoints_publisher/package.sh'
[49.484s] INFO:colcon.colcon_core.shell:Creating package script '/home/asdfr_cbl_08/ROS2-RELbot/install/setpoints_publisher/share/setpoints_publisher/package.bash'
[49.493s] INFO:colcon.colcon_core.shell:Creating package script '/home/asdfr_cbl_08/ROS2-RELbot/install/setpoints_publisher/share/setpoints_publisher/package.zsh'
[49.498s] Level 1:colcon.colcon_core.environment:create_file_with_runtime_dependencies(/home/asdfr_cbl_08/ROS2-RELbot/install/setpoints_publisher/share/colcon-core/packages/setpoints_publisher)
[49.577s] Level 1:colcon.colcon_core.environment:create_environment_scripts_only(setpoints_publisher)
[49.579s] Level 1:colcon.colcon_core.environment:checking '/home/asdfr_cbl_08/ROS2-RELbot/install/setpoints_publisher' for CMake module files
[49.585s] Level 1:colcon.colcon_core.environment:checking '/home/asdfr_cbl_08/ROS2-RELbot/install/setpoints_publisher' for CMake config files
[49.587s] Level 1:colcon.colcon_core.shell:create_environment_hook('setpoints_publisher', 'cmake_prefix_path')
[49.590s] INFO:colcon.colcon_core.shell:Creating environment hook '/home/asdfr_cbl_08/ROS2-RELbot/install/setpoints_publisher/share/setpoints_publisher/hook/cmake_prefix_path.ps1'
[49.594s] INFO:colcon.colcon_core.shell:Creating environment descriptor '/home/asdfr_cbl_08/ROS2-RELbot/install/setpoints_publisher/share/setpoints_publisher/hook/cmake_prefix_path.dsv'
[49.597s] INFO:colcon.colcon_core.shell:Creating environment hook '/home/asdfr_cbl_08/ROS2-RELbot/install/setpoints_publisher/share/setpoints_publisher/hook/cmake_prefix_path.sh'
[49.599s] Level 1:colcon.colcon_core.environment:checking '/home/asdfr_cbl_08/ROS2-RELbot/install/setpoints_publisher/lib'
[49.600s] Level 1:colcon.colcon_core.environment:checking '/home/asdfr_cbl_08/ROS2-RELbot/install/setpoints_publisher/bin'
[49.600s] Level 1:colcon.colcon_core.environment:checking '/home/asdfr_cbl_08/ROS2-RELbot/install/setpoints_publisher/lib/pkgconfig/setpoints_publisher.pc'
[49.601s] Level 1:colcon.colcon_core.environment:checking '/home/asdfr_cbl_08/ROS2-RELbot/install/setpoints_publisher/lib/python3.10/site-packages'
[49.603s] Level 1:colcon.colcon_core.environment:checking '/home/asdfr_cbl_08/ROS2-RELbot/install/setpoints_publisher/bin'
[49.604s] INFO:colcon.colcon_core.shell:Creating package script '/home/asdfr_cbl_08/ROS2-RELbot/install/setpoints_publisher/share/setpoints_publisher/package.ps1'
[49.606s] INFO:colcon.colcon_core.shell:Creating package descriptor '/home/asdfr_cbl_08/ROS2-RELbot/install/setpoints_publisher/share/setpoints_publisher/package.dsv'
[49.609s] INFO:colcon.colcon_core.shell:Creating package script '/home/asdfr_cbl_08/ROS2-RELbot/install/setpoints_publisher/share/setpoints_publisher/package.sh'
[49.612s] INFO:colcon.colcon_core.shell:Creating package script '/home/asdfr_cbl_08/ROS2-RELbot/install/setpoints_publisher/share/setpoints_publisher/package.bash'
[49.614s] INFO:colcon.colcon_core.shell:Creating package script '/home/asdfr_cbl_08/ROS2-RELbot/install/setpoints_publisher/share/setpoints_publisher/package.zsh'
[49.616s] Level 1:colcon.colcon_core.environment:create_file_with_runtime_dependencies(/home/asdfr_cbl_08/ROS2-RELbot/install/setpoints_publisher/share/colcon-core/packages/setpoints_publisher)
[49.618s] DEBUG:colcon.colcon_parallel_executor.executor.parallel:closing loop
[49.625s] DEBUG:colcon.colcon_parallel_executor.executor.parallel:loop closed
[49.628s] DEBUG:colcon.colcon_parallel_executor.executor.parallel:run_until_complete finished with '0'
[49.629s] DEBUG:colcon.colcon_core.event_reactor:joining thread
[49.652s] INFO:colcon.colcon_core.plugin_system:Skipping extension 'colcon_notification.desktop_notification.notify_send': Could not find 'notify-send'
[49.653s] INFO:colcon.colcon_core.plugin_system:Skipping extension 'colcon_notification.desktop_notification.terminal_notifier': Not used on non-Darwin systems
[49.654s] INFO:colcon.colcon_core.plugin_system:Skipping extension 'colcon_notification.desktop_notification.win32': Not used on non-Windows systems
[49.654s] INFO:colcon.colcon_notification.desktop_notification:Sending desktop notification using 'notify2'
[49.658s] DEBUG:colcon.colcon_notification.desktop_notification.notify2:Failed to initialize notify2: org.freedesktop.DBus.Error.ServiceUnknown: The name org.freedesktop.Notifications was not provided by any .service files
[49.660s] DEBUG:colcon.colcon_core.event_reactor:joined thread
[49.661s] INFO:colcon.colcon_core.shell:Creating prefix script '/home/asdfr_cbl_08/ROS2-RELbot/install/local_setup.ps1'
[49.667s] INFO:colcon.colcon_core.shell:Creating prefix util module '/home/asdfr_cbl_08/ROS2-RELbot/install/_local_setup_util_ps1.py'
[49.676s] INFO:colcon.colcon_core.shell:Creating prefix chain script '/home/asdfr_cbl_08/ROS2-RELbot/install/setup.ps1'
[49.681s] INFO:colcon.colcon_core.shell:Creating prefix script '/home/asdfr_cbl_08/ROS2-RELbot/install/local_setup.sh'
[49.689s] INFO:colcon.colcon_core.shell:Creating prefix util module '/home/asdfr_cbl_08/ROS2-RELbot/install/_local_setup_util_sh.py'
[49.693s] INFO:colcon.colcon_core.shell:Creating prefix chain script '/home/asdfr_cbl_08/ROS2-RELbot/install/setup.sh'
[49.700s] INFO:colcon.colcon_core.shell:Creating prefix script '/home/asdfr_cbl_08/ROS2-RELbot/install/local_setup.bash'
[49.703s] INFO:colcon.colcon_core.shell:Creating prefix chain script '/home/asdfr_cbl_08/ROS2-RELbot/install/setup.bash'
[49.708s] INFO:colcon.colcon_core.shell:Creating prefix script '/home/asdfr_cbl_08/ROS2-RELbot/install/local_setup.zsh'
[49.711s] INFO:colcon.colcon_core.shell:Creating prefix chain script '/home/asdfr_cbl_08/ROS2-RELbot/install/setup.zsh'
