[01m[K/home/asdfr_cbl_08/ROS2-RELbot/src/setpoints_publisher/src/setpoints_publisher.cpp:[m[K In member function ‘[01m[Kvoid SetpointsPublisher::light_pose_callback(const PointStamped&)[m[K’:
[01m[K/home/asdfr_cbl_08/ROS2-RELbot/src/setpoints_publisher/src/setpoints_publisher.cpp:23:54:[m[K [01;31m[Kerror: [m[Kno matching function for call to ‘[01m[Kcustom_msgs::msg::Ros2Xeno_<std::allocator<void> >::Ros2Xeno_(int, int)[m[K’
   23 |   auto vel_setpoints = custom_msgs::msg::Ros2Xeno(0,0[01;31m[K)[m[K;
      |                                                      [01;31m[K^[m[K
In file included from [01m[K/home/asdfr_cbl_08/xenomia4-framework/install/custom_msgs/include/custom_msgs/custom_msgs/msg/ros2_xeno.hpp:7[m[K,
                 from [01m[K/home/asdfr_cbl_08/ROS2-RELbot/src/setpoints_publisher/include/setpoints_publisher/setpoints_publisher.hpp:11[m[K,
                 from [01m[K/home/asdfr_cbl_08/ROS2-RELbot/src/setpoints_publisher/src/setpoints_publisher.cpp:1[m[K:
[01m[K/home/asdfr_cbl_08/xenomia4-framework/install/custom_msgs/include/custom_msgs/custom_msgs/msg/detail/ros2_xeno__struct.hpp:46:12:[m[K [01;36m[Knote: [m[Kcandidate: ‘[01m[Kcustom_msgs::msg::Ros2Xeno_<ContainerAllocator>::Ros2Xeno_(const ContainerAllocator&, rosidl_runtime_cpp::MessageInitialization) [with ContainerAllocator = std::allocator<void>][m[K’
   46 |   explicit [01;36m[KRos2Xeno_[m[K(const ContainerAllocator & _alloc, rosidl_runtime_cpp::MessageInitialization _init = rosidl_runtime_cpp::MessageInitialization::ALL)
      |            [01;36m[K^~~~~~~~~[m[K
[01m[K/home/asdfr_cbl_08/xenomia4-framework/install/custom_msgs/include/custom_msgs/custom_msgs/msg/detail/ros2_xeno__struct.hpp:46:49:[m[K [01;36m[Knote: [m[K  no known conversion for argument 1 from ‘[01m[Kint[m[K’ to ‘[01m[Kconst std::allocator<void>&[m[K’
   46 |   explicit Ros2Xeno_([01;36m[Kconst ContainerAllocator & _alloc[m[K, rosidl_runtime_cpp::MessageInitialization _init = rosidl_runtime_cpp::MessageInitialization::ALL)
      |                      [01;36m[K~~~~~~~~~~~~~~~~~~~~~~~~~~~^~~~~~[m[K
[01m[K/home/asdfr_cbl_08/xenomia4-framework/install/custom_msgs/include/custom_msgs/custom_msgs/msg/detail/ros2_xeno__struct.hpp:36:12:[m[K [01;36m[Knote: [m[Kcandidate: ‘[01m[Kcustom_msgs::msg::Ros2Xeno_<ContainerAllocator>::Ros2Xeno_(rosidl_runtime_cpp::MessageInitialization) [with ContainerAllocator = std::allocator<void>][m[K’
   36 |   explicit [01;36m[KRos2Xeno_[m[K(rosidl_runtime_cpp::MessageInitialization _init = rosidl_runtime_cpp::MessageInitialization::ALL)
      |            [01;36m[K^~~~~~~~~[m[K
[01m[K/home/asdfr_cbl_08/xenomia4-framework/install/custom_msgs/include/custom_msgs/custom_msgs/msg/detail/ros2_xeno__struct.hpp:36:12:[m[K [01;36m[Knote: [m[K  candidate expects 1 argument, 2 provided
[01m[K/home/asdfr_cbl_08/xenomia4-framework/install/custom_msgs/include/custom_msgs/custom_msgs/msg/detail/ros2_xeno__struct.hpp:32:8:[m[K [01;36m[Knote: [m[Kcandidate: ‘[01m[Kconstexpr custom_msgs::msg::Ros2Xeno_<std::allocator<void> >::Ros2Xeno_(const custom_msgs::msg::Ros2Xeno_<std::allocator<void> >&)[m[K’
   32 | struct [01;36m[KRos2Xeno_[m[K
      |        [01;36m[K^~~~~~~~~[m[K
[01m[K/home/asdfr_cbl_08/xenomia4-framework/install/custom_msgs/include/custom_msgs/custom_msgs/msg/detail/ros2_xeno__struct.hpp:32:8:[m[K [01;36m[Knote: [m[K  candidate expects 1 argument, 2 provided
[01m[K/home/asdfr_cbl_08/xenomia4-framework/install/custom_msgs/include/custom_msgs/custom_msgs/msg/detail/ros2_xeno__struct.hpp:32:8:[m[K [01;36m[Knote: [m[Kcandidate: ‘[01m[Kconstexpr custom_msgs::msg::Ros2Xeno_<std::allocator<void> >::Ros2Xeno_(custom_msgs::msg::Ros2Xeno_<std::allocator<void> >&&)[m[K’
[01m[K/home/asdfr_cbl_08/xenomia4-framework/install/custom_msgs/include/custom_msgs/custom_msgs/msg/detail/ros2_xeno__struct.hpp:32:8:[m[K [01;36m[Knote: [m[K  candidate expects 1 argument, 2 provided
gmake[2]: *** [CMakeFiles/setpoints_publisher.dir/build.make:76: CMakeFiles/setpoints_publisher.dir/src/setpoints_publisher.cpp.o] Error 1
gmake[1]: *** [CMakeFiles/Makefile2:137: CMakeFiles/setpoints_publisher.dir/all] Error 2
gmake: *** [Makefile:146: all] Error 2
