[0.049s] Invoking command in '/home/asdfr_cbl_08/ROS2-RELbot/build/setpoints_publisher': CMAKE_PREFIX_PATH=${CMAKE_PREFIX_PATH}:/opt/ros/humble /usr/bin/cmake --build /home/asdfr_cbl_08/ROS2-RELbot/build/setpoints_publisher -- -j3 -l3
[0.192s] [35m[1mConsolidate compiler generated dependencies of target setpoints_publisher[0m
[0.654s] [ 50%] [32mBuilding CXX object CMakeFiles/setpoints_publisher.dir/src/setpoints_publisher.cpp.o[0m
[14.509s] [01m[K/home/asdfr_cbl_08/ROS2-RELbot/src/setpoints_publisher/src/setpoints_publisher.cpp:[m[K In member function ‘[01m[Kvoid SetpointsPublisher::light_pose_callback(const PointStamped&)[m[K’:
[14.510s] [01m[K/home/asdfr_cbl_08/ROS2-RELbot/src/setpoints_publisher/src/setpoints_publisher.cpp:23:54:[m[K [01;31m[Kerror: [m[Kno matching function for call to ‘[01m[Kcustom_msgs::msg::Ros2Xeno_<std::allocator<void> >::Ros2Xeno_(int, int)[m[K’
[14.511s]    23 |   auto vel_setpoints = custom_msgs::msg::Ros2Xeno(0,0[01;31m[K)[m[K;
[14.514s]       |                                                      [01;31m[K^[m[K
[14.517s] In file included from [01m[K/home/asdfr_cbl_08/xenomia4-framework/install/custom_msgs/include/custom_msgs/custom_msgs/msg/ros2_xeno.hpp:7[m[K,
[14.520s]                  from [01m[K/home/asdfr_cbl_08/ROS2-RELbot/src/setpoints_publisher/include/setpoints_publisher/setpoints_publisher.hpp:11[m[K,
[14.522s]                  from [01m[K/home/asdfr_cbl_08/ROS2-RELbot/src/setpoints_publisher/src/setpoints_publisher.cpp:1[m[K:
[14.525s] [01m[K/home/asdfr_cbl_08/xenomia4-framework/install/custom_msgs/include/custom_msgs/custom_msgs/msg/detail/ros2_xeno__struct.hpp:46:12:[m[K [01;36m[Knote: [m[Kcandidate: ‘[01m[Kcustom_msgs::msg::Ros2Xeno_<ContainerAllocator>::Ros2Xeno_(const ContainerAllocator&, rosidl_runtime_cpp::MessageInitialization) [with ContainerAllocator = std::allocator<void>][m[K’
[14.534s]    46 |   explicit [01;36m[KRos2Xeno_[m[K(const ContainerAllocator & _alloc, rosidl_runtime_cpp::MessageInitialization _init = rosidl_runtime_cpp::MessageInitialization::ALL)
[14.540s]       |            [01;36m[K^~~~~~~~~[m[K
[14.546s] [01m[K/home/asdfr_cbl_08/xenomia4-framework/install/custom_msgs/include/custom_msgs/custom_msgs/msg/detail/ros2_xeno__struct.hpp:46:49:[m[K [01;36m[Knote: [m[K  no known conversion for argument 1 from ‘[01m[Kint[m[K’ to ‘[01m[Kconst std::allocator<void>&[m[K’
[14.551s]    46 |   explicit Ros2Xeno_([01;36m[Kconst ContainerAllocator & _alloc[m[K, rosidl_runtime_cpp::MessageInitialization _init = rosidl_runtime_cpp::MessageInitialization::ALL)
[14.554s]       |                      [01;36m[K~~~~~~~~~~~~~~~~~~~~~~~~~~~^~~~~~[m[K
[14.558s] [01m[K/home/asdfr_cbl_08/xenomia4-framework/install/custom_msgs/include/custom_msgs/custom_msgs/msg/detail/ros2_xeno__struct.hpp:36:12:[m[K [01;36m[Knote: [m[Kcandidate: ‘[01m[Kcustom_msgs::msg::Ros2Xeno_<ContainerAllocator>::Ros2Xeno_(rosidl_runtime_cpp::MessageInitialization) [with ContainerAllocator = std::allocator<void>][m[K’
[14.565s]    36 |   explicit [01;36m[KRos2Xeno_[m[K(rosidl_runtime_cpp::MessageInitialization _init = rosidl_runtime_cpp::MessageInitialization::ALL)
[14.570s]       |            [01;36m[K^~~~~~~~~[m[K
[14.572s] [01m[K/home/asdfr_cbl_08/xenomia4-framework/install/custom_msgs/include/custom_msgs/custom_msgs/msg/detail/ros2_xeno__struct.hpp:36:12:[m[K [01;36m[Knote: [m[K  candidate expects 1 argument, 2 provided
[14.575s] [01m[K/home/asdfr_cbl_08/xenomia4-framework/install/custom_msgs/include/custom_msgs/custom_msgs/msg/detail/ros2_xeno__struct.hpp:32:8:[m[K [01;36m[Knote: [m[Kcandidate: ‘[01m[Kconstexpr custom_msgs::msg::Ros2Xeno_<std::allocator<void> >::Ros2Xeno_(const custom_msgs::msg::Ros2Xeno_<std::allocator<void> >&)[m[K’
[14.577s]    32 | struct [01;36m[KRos2Xeno_[m[K
[14.580s]       |        [01;36m[K^~~~~~~~~[m[K
[14.582s] [01m[K/home/asdfr_cbl_08/xenomia4-framework/install/custom_msgs/include/custom_msgs/custom_msgs/msg/detail/ros2_xeno__struct.hpp:32:8:[m[K [01;36m[Knote: [m[K  candidate expects 1 argument, 2 provided
[14.586s] [01m[K/home/asdfr_cbl_08/xenomia4-framework/install/custom_msgs/include/custom_msgs/custom_msgs/msg/detail/ros2_xeno__struct.hpp:32:8:[m[K [01;36m[Knote: [m[Kcandidate: ‘[01m[Kconstexpr custom_msgs::msg::Ros2Xeno_<std::allocator<void> >::Ros2Xeno_(custom_msgs::msg::Ros2Xeno_<std::allocator<void> >&&)[m[K’
[14.588s] [01m[K/home/asdfr_cbl_08/xenomia4-framework/install/custom_msgs/include/custom_msgs/custom_msgs/msg/detail/ros2_xeno__struct.hpp:32:8:[m[K [01;36m[Knote: [m[K  candidate expects 1 argument, 2 provided
[26.070s] gmake[2]: *** [CMakeFiles/setpoints_publisher.dir/build.make:76: CMakeFiles/setpoints_publisher.dir/src/setpoints_publisher.cpp.o] Error 1
[26.072s] gmake[1]: *** [CMakeFiles/Makefile2:137: CMakeFiles/setpoints_publisher.dir/all] Error 2
[26.082s] gmake: *** [Makefile:146: all] Error 2
[26.097s] Invoked command in '/home/asdfr_cbl_08/ROS2-RELbot/build/setpoints_publisher' returned '2': CMAKE_PREFIX_PATH=${CMAKE_PREFIX_PATH}:/opt/ros/humble /usr/bin/cmake --build /home/asdfr_cbl_08/ROS2-RELbot/build/setpoints_publisher -- -j3 -l3
