[0.408s] DEBUG:colcon:Command line arguments: ['/usr/bin/colcon', 'build', '--packages-select', 'setpoints_publisher']
[0.408s] DEBUG:colcon:Parsed command line arguments: Namespace(log_base=None, log_level=None, verb_name='build', build_base='build', install_base='install', merge_install=False, symlink_install=False, test_result_base=None, continue_on_error=False, executor='parallel', parallel_workers=3, event_handlers=None, ignore_user_meta=False, metas=['./colcon.meta'], base_paths=['.'], packages_ignore=None, packages_ignore_regex=None, paths=None, packages_up_to=None, packages_up_to_regex=None, packages_above=None, packages_above_and_dependencies=None, packages_above_depth=None, packages_select_by_dep=None, packages_skip_by_dep=None, packages_skip_up_to=None, packages_select_build_failed=False, packages_skip_build_finished=False, packages_select_test_failures=False, packages_skip_test_passed=False, packages_select=['setpoints_publisher'], packages_skip=None, packages_select_regex=None, packages_skip_regex=None, packages_start=None, packages_end=None, allow_overriding=[], cmake_args=None, cmake_target=None, cmake_target_skip_unavailable=False, cmake_clean_cache=False, cmake_clean_first=False, cmake_force_configure=False, ament_cmake_args=None, catkin_cmake_args=None, catkin_skip_building_tests=False, verb_parser=<colcon_defaults.argument_parser.defaults.DefaultArgumentsDecorator object at 0xffff9d090970>, verb_extension=<colcon_core.verb.build.BuildVerb object at 0xffff9d2e22c0>, main=<bound method BuildVerb.main of <colcon_core.verb.build.BuildVerb object at 0xffff9d2e22c0>>)
[1.027s] Level 1:colcon.colcon_core.package_discovery:discover_packages(colcon_meta) check parameters
[1.027s] Level 1:colcon.colcon_core.package_discovery:discover_packages(recursive) check parameters
[1.028s] Level 1:colcon.colcon_core.package_discovery:discover_packages(ignore) check parameters
[1.028s] Level 1:colcon.colcon_core.package_discovery:discover_packages(path) check parameters
[1.028s] Level 1:colcon.colcon_core.package_discovery:discover_packages(colcon_meta) discover
[1.029s] Level 1:colcon.colcon_core.package_discovery:discover_packages(recursive) discover
[1.029s] INFO:colcon.colcon_core.package_discovery:Crawling recursively for packages in '/home/asdfr_cbl_08/ROS2-RELbot'
[1.030s] Level 1:colcon.colcon_core.package_identification:_identify(.) by extensions ['ignore', 'ignore_ament_install']
[1.031s] Level 1:colcon.colcon_core.package_identification:_identify(.) by extension 'ignore'
[1.031s] Level 1:colcon.colcon_core.package_identification:_identify(.) by extension 'ignore_ament_install'
[1.032s] Level 1:colcon.colcon_core.package_identification:_identify(.) by extensions ['colcon_pkg']
[1.032s] Level 1:colcon.colcon_core.package_identification:_identify(.) by extension 'colcon_pkg'
[1.033s] Level 1:colcon.colcon_core.package_identification:_identify(.) by extensions ['colcon_meta']
[1.033s] Level 1:colcon.colcon_core.package_identification:_identify(.) by extension 'colcon_meta'
[1.034s] Level 1:colcon.colcon_core.package_identification:_identify(.) by extensions ['ros']
[1.034s] Level 1:colcon.colcon_core.package_identification:_identify(.) by extension 'ros'
[1.082s] Level 1:colcon.colcon_core.package_identification:_identify(.) by extensions ['cmake', 'python']
[1.082s] Level 1:colcon.colcon_core.package_identification:_identify(.) by extension 'cmake'
[1.083s] Level 1:colcon.colcon_core.package_identification:_identify(.) by extension 'python'
[1.083s] Level 1:colcon.colcon_core.package_identification:_identify(.) by extensions ['python_setup_py']
[1.083s] Level 1:colcon.colcon_core.package_identification:_identify(.) by extension 'python_setup_py'
[1.084s] Level 1:colcon.colcon_core.package_identification:_identify(build) by extensions ['ignore', 'ignore_ament_install']
[1.085s] Level 1:colcon.colcon_core.package_identification:_identify(build) by extension 'ignore'
[1.085s] Level 1:colcon.colcon_core.package_identification:_identify(build) ignored
[1.086s] Level 1:colcon.colcon_core.package_identification:_identify(install) by extensions ['ignore', 'ignore_ament_install']
[1.086s] Level 1:colcon.colcon_core.package_identification:_identify(install) by extension 'ignore'
[1.087s] Level 1:colcon.colcon_core.package_identification:_identify(install) ignored
[1.088s] Level 1:colcon.colcon_core.package_identification:_identify(log) by extensions ['ignore', 'ignore_ament_install']
[1.088s] Level 1:colcon.colcon_core.package_identification:_identify(log) by extension 'ignore'
[1.089s] Level 1:colcon.colcon_core.package_identification:_identify(log) ignored
[1.089s] Level 1:colcon.colcon_core.package_identification:_identify(src) by extensions ['ignore', 'ignore_ament_install']
[1.090s] Level 1:colcon.colcon_core.package_identification:_identify(src) by extension 'ignore'
[1.090s] Level 1:colcon.colcon_core.package_identification:_identify(src) by extension 'ignore_ament_install'
[1.090s] Level 1:colcon.colcon_core.package_identification:_identify(src) by extensions ['colcon_pkg']
[1.091s] Level 1:colcon.colcon_core.package_identification:_identify(src) by extension 'colcon_pkg'
[1.091s] Level 1:colcon.colcon_core.package_identification:_identify(src) by extensions ['colcon_meta']
[1.091s] Level 1:colcon.colcon_core.package_identification:_identify(src) by extension 'colcon_meta'
[1.092s] Level 1:colcon.colcon_core.package_identification:_identify(src) by extensions ['ros']
[1.092s] Level 1:colcon.colcon_core.package_identification:_identify(src) by extension 'ros'
[1.092s] Level 1:colcon.colcon_core.package_identification:_identify(src) by extensions ['cmake', 'python']
[1.093s] Level 1:colcon.colcon_core.package_identification:_identify(src) by extension 'cmake'
[1.093s] Level 1:colcon.colcon_core.package_identification:_identify(src) by extension 'python'
[1.093s] Level 1:colcon.colcon_core.package_identification:_identify(src) by extensions ['python_setup_py']
[1.094s] Level 1:colcon.colcon_core.package_identification:_identify(src) by extension 'python_setup_py'
[1.094s] Level 1:colcon.colcon_core.package_identification:_identify(src/cam_imag_pro) by extensions ['ignore', 'ignore_ament_install']
[1.095s] Level 1:colcon.colcon_core.package_identification:_identify(src/cam_imag_pro) by extension 'ignore'
[1.095s] Level 1:colcon.colcon_core.package_identification:_identify(src/cam_imag_pro) by extension 'ignore_ament_install'
[1.096s] Level 1:colcon.colcon_core.package_identification:_identify(src/cam_imag_pro) by extensions ['colcon_pkg']
[1.096s] Level 1:colcon.colcon_core.package_identification:_identify(src/cam_imag_pro) by extension 'colcon_pkg'
[1.096s] Level 1:colcon.colcon_core.package_identification:_identify(src/cam_imag_pro) by extensions ['colcon_meta']
[1.097s] Level 1:colcon.colcon_core.package_identification:_identify(src/cam_imag_pro) by extension 'colcon_meta'
[1.097s] Level 1:colcon.colcon_core.package_identification:_identify(src/cam_imag_pro) by extensions ['ros']
[1.097s] Level 1:colcon.colcon_core.package_identification:_identify(src/cam_imag_pro) by extension 'ros'
[1.108s] DEBUG:colcon.colcon_core.package_identification:Package 'src/cam_imag_pro' with type 'ros.ament_cmake' and name 'cam_imag_pro'
[1.109s] Level 1:colcon.colcon_core.package_identification:_identify(src/setpoints_publisher) by extensions ['ignore', 'ignore_ament_install']
[1.109s] Level 1:colcon.colcon_core.package_identification:_identify(src/setpoints_publisher) by extension 'ignore'
[1.110s] Level 1:colcon.colcon_core.package_identification:_identify(src/setpoints_publisher) by extension 'ignore_ament_install'
[1.111s] Level 1:colcon.colcon_core.package_identification:_identify(src/setpoints_publisher) by extensions ['colcon_pkg']
[1.111s] Level 1:colcon.colcon_core.package_identification:_identify(src/setpoints_publisher) by extension 'colcon_pkg'
[1.111s] Level 1:colcon.colcon_core.package_identification:_identify(src/setpoints_publisher) by extensions ['colcon_meta']
[1.112s] Level 1:colcon.colcon_core.package_identification:_identify(src/setpoints_publisher) by extension 'colcon_meta'
[1.112s] Level 1:colcon.colcon_core.package_identification:_identify(src/setpoints_publisher) by extensions ['ros']
[1.112s] Level 1:colcon.colcon_core.package_identification:_identify(src/setpoints_publisher) by extension 'ros'
[1.115s] DEBUG:colcon.colcon_core.package_identification:Package 'src/setpoints_publisher' with type 'ros.ament_cmake' and name 'setpoints_publisher'
[1.116s] Level 1:colcon.colcon_core.package_discovery:discover_packages(recursive) using defaults
[1.116s] Level 1:colcon.colcon_core.package_discovery:discover_packages(ignore) discover
[1.117s] Level 1:colcon.colcon_core.package_discovery:discover_packages(ignore) using defaults
[1.117s] Level 1:colcon.colcon_core.package_discovery:discover_packages(path) discover
[1.117s] Level 1:colcon.colcon_core.package_discovery:discover_packages(path) using defaults
[1.183s] INFO:colcon.colcon_core.package_selection:Skipping not selected package 'cam_imag_pro' in 'src/cam_imag_pro'
[1.185s] Level 1:colcon.colcon_core.package_discovery:discover_packages(prefix_path) check parameters
[1.185s] Level 1:colcon.colcon_core.package_discovery:discover_packages(prefix_path) discover
[1.192s] DEBUG:colcon.colcon_installed_package_information.package_discovery:Found 1 installed packages in /home/asdfr_cbl_08/xenomia4-framework/install
[1.196s] DEBUG:colcon.colcon_installed_package_information.package_discovery:Found 270 installed packages in /opt/ros/humble
[1.243s] Level 1:colcon.colcon_core.package_discovery:discover_packages(prefix_path) using defaults
[1.382s] Level 5:colcon.colcon_core.verb:set package 'setpoints_publisher' build argument 'cmake_args' from command line to 'None'
[1.382s] Level 5:colcon.colcon_core.verb:set package 'setpoints_publisher' build argument 'cmake_target' from command line to 'None'
[1.382s] Level 5:colcon.colcon_core.verb:set package 'setpoints_publisher' build argument 'cmake_target_skip_unavailable' from command line to 'False'
[1.383s] Level 5:colcon.colcon_core.verb:set package 'setpoints_publisher' build argument 'cmake_clean_cache' from command line to 'False'
[1.383s] Level 5:colcon.colcon_core.verb:set package 'setpoints_publisher' build argument 'cmake_clean_first' from command line to 'False'
[1.383s] Level 5:colcon.colcon_core.verb:set package 'setpoints_publisher' build argument 'cmake_force_configure' from command line to 'False'
[1.383s] Level 5:colcon.colcon_core.verb:set package 'setpoints_publisher' build argument 'ament_cmake_args' from command line to 'None'
[1.384s] Level 5:colcon.colcon_core.verb:set package 'setpoints_publisher' build argument 'catkin_cmake_args' from command line to 'None'
[1.384s] Level 5:colcon.colcon_core.verb:set package 'setpoints_publisher' build argument 'catkin_skip_building_tests' from command line to 'False'
[1.384s] DEBUG:colcon.colcon_core.verb:Building package 'setpoints_publisher' with the following arguments: {'ament_cmake_args': None, 'build_base': '/home/asdfr_cbl_08/ROS2-RELbot/build/setpoints_publisher', 'catkin_cmake_args': None, 'catkin_skip_building_tests': False, 'cmake_args': None, 'cmake_clean_cache': False, 'cmake_clean_first': False, 'cmake_force_configure': False, 'cmake_target': None, 'cmake_target_skip_unavailable': False, 'install_base': '/home/asdfr_cbl_08/ROS2-RELbot/install/setpoints_publisher', 'merge_install': False, 'path': '/home/asdfr_cbl_08/ROS2-RELbot/src/setpoints_publisher', 'symlink_install': False, 'test_result_base': None}
[1.385s] INFO:colcon.colcon_core.executor:Executing jobs using 'parallel' executor
[1.388s] DEBUG:colcon.colcon_parallel_executor.executor.parallel:run_until_complete
[1.389s] INFO:colcon.colcon_ros.task.ament_cmake.build:Building ROS package in '/home/asdfr_cbl_08/ROS2-RELbot/src/setpoints_publisher' with build type 'ament_cmake'
[1.390s] INFO:colcon.colcon_cmake.task.cmake.build:Building CMake package in '/home/asdfr_cbl_08/ROS2-RELbot/src/setpoints_publisher'
[1.397s] INFO:colcon.colcon_core.plugin_system:Skipping extension 'colcon_core.shell.bat': Not used on non-Windows systems
[1.397s] INFO:colcon.colcon_core.shell:Skip shell extension 'powershell' for command environment: Not usable outside of PowerShell
[1.398s] DEBUG:colcon.colcon_core.shell:Skip shell extension 'dsv' for command environment
[1.429s] DEBUG:colcon.colcon_core.event_handler.log_command:Invoking command in '/home/asdfr_cbl_08/ROS2-RELbot/build/setpoints_publisher': CMAKE_PREFIX_PATH=${CMAKE_PREFIX_PATH}:/opt/ros/humble /usr/bin/cmake --build /home/asdfr_cbl_08/ROS2-RELbot/build/setpoints_publisher -- -j3 -l3
[36.508s] DEBUG:colcon.colcon_core.event_handler.log_command:Invoked command in '/home/asdfr_cbl_08/ROS2-RELbot/build/setpoints_publisher' returned '0': CMAKE_PREFIX_PATH=${CMAKE_PREFIX_PATH}:/opt/ros/humble /usr/bin/cmake --build /home/asdfr_cbl_08/ROS2-RELbot/build/setpoints_publisher -- -j3 -l3
[36.596s] DEBUG:colcon.colcon_core.event_handler.log_command:Invoking command in '/home/asdfr_cbl_08/ROS2-RELbot/build/setpoints_publisher': CMAKE_PREFIX_PATH=${CMAKE_PREFIX_PATH}:/opt/ros/humble /usr/bin/cmake --install /home/asdfr_cbl_08/ROS2-RELbot/build/setpoints_publisher
[36.795s] Level 1:colcon.colcon_core.environment:create_environment_scripts_only(setpoints_publisher)
[36.797s] DEBUG:colcon.colcon_core.event_handler.log_command:Invoked command in '/home/asdfr_cbl_08/ROS2-RELbot/build/setpoints_publisher' returned '0': CMAKE_PREFIX_PATH=${CMAKE_PREFIX_PATH}:/opt/ros/humble /usr/bin/cmake --install /home/asdfr_cbl_08/ROS2-RELbot/build/setpoints_publisher
[36.804s] Level 1:colcon.colcon_core.environment:checking '/home/asdfr_cbl_08/ROS2-RELbot/install/setpoints_publisher' for CMake module files
[36.807s] Level 1:colcon.colcon_core.environment:checking '/home/asdfr_cbl_08/ROS2-RELbot/install/setpoints_publisher' for CMake config files
[36.808s] Level 1:colcon.colcon_core.shell:create_environment_hook('setpoints_publisher', 'cmake_prefix_path')
[36.809s] INFO:colcon.colcon_core.shell:Creating environment hook '/home/asdfr_cbl_08/ROS2-RELbot/install/setpoints_publisher/share/setpoints_publisher/hook/cmake_prefix_path.ps1'
[36.812s] INFO:colcon.colcon_core.shell:Creating environment descriptor '/home/asdfr_cbl_08/ROS2-RELbot/install/setpoints_publisher/share/setpoints_publisher/hook/cmake_prefix_path.dsv'
[36.814s] INFO:colcon.colcon_core.shell:Creating environment hook '/home/asdfr_cbl_08/ROS2-RELbot/install/setpoints_publisher/share/setpoints_publisher/hook/cmake_prefix_path.sh'
[36.818s] Level 1:colcon.colcon_core.environment:checking '/home/asdfr_cbl_08/ROS2-RELbot/install/setpoints_publisher/lib'
[36.819s] Level 1:colcon.colcon_core.environment:checking '/home/asdfr_cbl_08/ROS2-RELbot/install/setpoints_publisher/bin'
[36.819s] Level 1:colcon.colcon_core.environment:checking '/home/asdfr_cbl_08/ROS2-RELbot/install/setpoints_publisher/lib/pkgconfig/setpoints_publisher.pc'
[36.820s] Level 1:colcon.colcon_core.environment:checking '/home/asdfr_cbl_08/ROS2-RELbot/install/setpoints_publisher/lib/python3.10/site-packages'
[36.821s] Level 1:colcon.colcon_core.environment:checking '/home/asdfr_cbl_08/ROS2-RELbot/install/setpoints_publisher/bin'
[36.823s] INFO:colcon.colcon_core.shell:Creating package script '/home/asdfr_cbl_08/ROS2-RELbot/install/setpoints_publisher/share/setpoints_publisher/package.ps1'
[36.827s] INFO:colcon.colcon_core.shell:Creating package descriptor '/home/asdfr_cbl_08/ROS2-RELbot/install/setpoints_publisher/share/setpoints_publisher/package.dsv'
[36.829s] INFO:colcon.colcon_core.shell:Creating package script '/home/asdfr_cbl_08/ROS2-RELbot/install/setpoints_publisher/share/setpoints_publisher/package.sh'
[36.833s] INFO:colcon.colcon_core.shell:Creating package script '/home/asdfr_cbl_08/ROS2-RELbot/install/setpoints_publisher/share/setpoints_publisher/package.bash'
[36.838s] INFO:colcon.colcon_core.shell:Creating package script '/home/asdfr_cbl_08/ROS2-RELbot/install/setpoints_publisher/share/setpoints_publisher/package.zsh'
[36.842s] Level 1:colcon.colcon_core.environment:create_file_with_runtime_dependencies(/home/asdfr_cbl_08/ROS2-RELbot/install/setpoints_publisher/share/colcon-core/packages/setpoints_publisher)
[36.899s] Level 1:colcon.colcon_core.environment:create_environment_scripts_only(setpoints_publisher)
[36.901s] Level 1:colcon.colcon_core.environment:checking '/home/asdfr_cbl_08/ROS2-RELbot/install/setpoints_publisher' for CMake module files
[36.903s] Level 1:colcon.colcon_core.environment:checking '/home/asdfr_cbl_08/ROS2-RELbot/install/setpoints_publisher' for CMake config files
[36.905s] Level 1:colcon.colcon_core.shell:create_environment_hook('setpoints_publisher', 'cmake_prefix_path')
[36.906s] INFO:colcon.colcon_core.shell:Creating environment hook '/home/asdfr_cbl_08/ROS2-RELbot/install/setpoints_publisher/share/setpoints_publisher/hook/cmake_prefix_path.ps1'
[36.909s] INFO:colcon.colcon_core.shell:Creating environment descriptor '/home/asdfr_cbl_08/ROS2-RELbot/install/setpoints_publisher/share/setpoints_publisher/hook/cmake_prefix_path.dsv'
[36.912s] INFO:colcon.colcon_core.shell:Creating environment hook '/home/asdfr_cbl_08/ROS2-RELbot/install/setpoints_publisher/share/setpoints_publisher/hook/cmake_prefix_path.sh'
[36.917s] Level 1:colcon.colcon_core.environment:checking '/home/asdfr_cbl_08/ROS2-RELbot/install/setpoints_publisher/lib'
[36.918s] Level 1:colcon.colcon_core.environment:checking '/home/asdfr_cbl_08/ROS2-RELbot/install/setpoints_publisher/bin'
[36.919s] Level 1:colcon.colcon_core.environment:checking '/home/asdfr_cbl_08/ROS2-RELbot/install/setpoints_publisher/lib/pkgconfig/setpoints_publisher.pc'
[36.921s] Level 1:colcon.colcon_core.environment:checking '/home/asdfr_cbl_08/ROS2-RELbot/install/setpoints_publisher/lib/python3.10/site-packages'
[36.923s] Level 1:colcon.colcon_core.environment:checking '/home/asdfr_cbl_08/ROS2-RELbot/install/setpoints_publisher/bin'
[36.925s] INFO:colcon.colcon_core.shell:Creating package script '/home/asdfr_cbl_08/ROS2-RELbot/install/setpoints_publisher/share/setpoints_publisher/package.ps1'
[36.930s] INFO:colcon.colcon_core.shell:Creating package descriptor '/home/asdfr_cbl_08/ROS2-RELbot/install/setpoints_publisher/share/setpoints_publisher/package.dsv'
[36.935s] INFO:colcon.colcon_core.shell:Creating package script '/home/asdfr_cbl_08/ROS2-RELbot/install/setpoints_publisher/share/setpoints_publisher/package.sh'
[36.939s] INFO:colcon.colcon_core.shell:Creating package script '/home/asdfr_cbl_08/ROS2-RELbot/install/setpoints_publisher/share/setpoints_publisher/package.bash'
[36.944s] INFO:colcon.colcon_core.shell:Creating package script '/home/asdfr_cbl_08/ROS2-RELbot/install/setpoints_publisher/share/setpoints_publisher/package.zsh'
[36.948s] Level 1:colcon.colcon_core.environment:create_file_with_runtime_dependencies(/home/asdfr_cbl_08/ROS2-RELbot/install/setpoints_publisher/share/colcon-core/packages/setpoints_publisher)
[36.954s] DEBUG:colcon.colcon_parallel_executor.executor.parallel:closing loop
[36.955s] DEBUG:colcon.colcon_parallel_executor.executor.parallel:loop closed
[36.955s] DEBUG:colcon.colcon_parallel_executor.executor.parallel:run_until_complete finished with '0'
[36.956s] DEBUG:colcon.colcon_core.event_reactor:joining thread
[36.977s] INFO:colcon.colcon_core.plugin_system:Skipping extension 'colcon_notification.desktop_notification.notify_send': Could not find 'notify-send'
[36.978s] INFO:colcon.colcon_core.plugin_system:Skipping extension 'colcon_notification.desktop_notification.terminal_notifier': Not used on non-Darwin systems
[36.979s] INFO:colcon.colcon_core.plugin_system:Skipping extension 'colcon_notification.desktop_notification.win32': Not used on non-Windows systems
[36.980s] INFO:colcon.colcon_notification.desktop_notification:Sending desktop notification using 'notify2'
[36.983s] DEBUG:colcon.colcon_notification.desktop_notification.notify2:Failed to initialize notify2: org.freedesktop.DBus.Error.ServiceUnknown: The name org.freedesktop.Notifications was not provided by any .service files
[36.984s] DEBUG:colcon.colcon_core.event_reactor:joined thread
[36.986s] INFO:colcon.colcon_core.shell:Creating prefix script '/home/asdfr_cbl_08/ROS2-RELbot/install/local_setup.ps1'
[36.991s] INFO:colcon.colcon_core.shell:Creating prefix util module '/home/asdfr_cbl_08/ROS2-RELbot/install/_local_setup_util_ps1.py'
[36.999s] INFO:colcon.colcon_core.shell:Creating prefix chain script '/home/asdfr_cbl_08/ROS2-RELbot/install/setup.ps1'
[37.005s] INFO:colcon.colcon_core.shell:Creating prefix script '/home/asdfr_cbl_08/ROS2-RELbot/install/local_setup.sh'
[37.009s] INFO:colcon.colcon_core.shell:Creating prefix util module '/home/asdfr_cbl_08/ROS2-RELbot/install/_local_setup_util_sh.py'
[37.013s] INFO:colcon.colcon_core.shell:Creating prefix chain script '/home/asdfr_cbl_08/ROS2-RELbot/install/setup.sh'
[37.020s] INFO:colcon.colcon_core.shell:Creating prefix script '/home/asdfr_cbl_08/ROS2-RELbot/install/local_setup.bash'
[37.024s] INFO:colcon.colcon_core.shell:Creating prefix chain script '/home/asdfr_cbl_08/ROS2-RELbot/install/setup.bash'
[37.029s] INFO:colcon.colcon_core.shell:Creating prefix script '/home/asdfr_cbl_08/ROS2-RELbot/install/local_setup.zsh'
[37.033s] INFO:colcon.colcon_core.shell:Creating prefix chain script '/home/asdfr_cbl_08/ROS2-RELbot/install/setup.zsh'
