[0.587s] DEBUG:colcon:Command line arguments: ['/usr/bin/colcon', 'build', '--packages-select', 'setpoints_publisher']
[0.588s] DEBUG:colcon:Parsed command line arguments: Namespace(log_base=None, log_level=None, verb_name='build', build_base='build', install_base='install', merge_install=False, symlink_install=False, test_result_base=None, continue_on_error=False, executor='parallel', parallel_workers=3, event_handlers=None, ignore_user_meta=False, metas=['./colcon.meta'], base_paths=['.'], packages_ignore=None, packages_ignore_regex=None, paths=None, packages_up_to=None, packages_up_to_regex=None, packages_above=None, packages_above_and_dependencies=None, packages_above_depth=None, packages_select_by_dep=None, packages_skip_by_dep=None, packages_skip_up_to=None, packages_select_build_failed=False, packages_skip_build_finished=False, packages_select_test_failures=False, packages_skip_test_passed=False, packages_select=['setpoints_publisher'], packages_skip=None, packages_select_regex=None, packages_skip_regex=None, packages_start=None, packages_end=None, allow_overriding=[], cmake_args=None, cmake_target=None, cmake_target_skip_unavailable=False, cmake_clean_cache=False, cmake_clean_first=False, cmake_force_configure=False, ament_cmake_args=None, catkin_cmake_args=None, catkin_skip_building_tests=False, verb_parser=<colcon_defaults.argument_parser.defaults.DefaultArgumentsDecorator object at 0xffff9f920790>, verb_extension=<colcon_core.verb.build.BuildVerb object at 0xffff9fb72050>, main=<bound method BuildVerb.main of <colcon_core.verb.build.BuildVerb object at 0xffff9fb72050>>)
[1.557s] Level 1:colcon.colcon_core.package_discovery:discover_packages(colcon_meta) check parameters
[1.558s] Level 1:colcon.colcon_core.package_discovery:discover_packages(recursive) check parameters
[1.559s] Level 1:colcon.colcon_core.package_discovery:discover_packages(ignore) check parameters
[1.559s] Level 1:colcon.colcon_core.package_discovery:discover_packages(path) check parameters
[1.559s] Level 1:colcon.colcon_core.package_discovery:discover_packages(colcon_meta) discover
[1.560s] Level 1:colcon.colcon_core.package_discovery:discover_packages(recursive) discover
[1.560s] INFO:colcon.colcon_core.package_discovery:Crawling recursively for packages in '/home/asdfr_cbl_08/ROS2-RELbot'
[1.561s] Level 1:colcon.colcon_core.package_identification:_identify(.) by extensions ['ignore', 'ignore_ament_install']
[1.562s] Level 1:colcon.colcon_core.package_identification:_identify(.) by extension 'ignore'
[1.562s] Level 1:colcon.colcon_core.package_identification:_identify(.) by extension 'ignore_ament_install'
[1.563s] Level 1:colcon.colcon_core.package_identification:_identify(.) by extensions ['colcon_pkg']
[1.563s] Level 1:colcon.colcon_core.package_identification:_identify(.) by extension 'colcon_pkg'
[1.563s] Level 1:colcon.colcon_core.package_identification:_identify(.) by extensions ['colcon_meta']
[1.564s] Level 1:colcon.colcon_core.package_identification:_identify(.) by extension 'colcon_meta'
[1.564s] Level 1:colcon.colcon_core.package_identification:_identify(.) by extensions ['ros']
[1.564s] Level 1:colcon.colcon_core.package_identification:_identify(.) by extension 'ros'
[1.620s] Level 1:colcon.colcon_core.package_identification:_identify(.) by extensions ['cmake', 'python']
[1.621s] Level 1:colcon.colcon_core.package_identification:_identify(.) by extension 'cmake'
[1.622s] Level 1:colcon.colcon_core.package_identification:_identify(.) by extension 'python'
[1.622s] Level 1:colcon.colcon_core.package_identification:_identify(.) by extensions ['python_setup_py']
[1.623s] Level 1:colcon.colcon_core.package_identification:_identify(.) by extension 'python_setup_py'
[1.624s] Level 1:colcon.colcon_core.package_identification:_identify(build) by extensions ['ignore', 'ignore_ament_install']
[1.625s] Level 1:colcon.colcon_core.package_identification:_identify(build) by extension 'ignore'
[1.625s] Level 1:colcon.colcon_core.package_identification:_identify(build) ignored
[1.626s] Level 1:colcon.colcon_core.package_identification:_identify(install) by extensions ['ignore', 'ignore_ament_install']
[1.627s] Level 1:colcon.colcon_core.package_identification:_identify(install) by extension 'ignore'
[1.628s] Level 1:colcon.colcon_core.package_identification:_identify(install) ignored
[1.629s] Level 1:colcon.colcon_core.package_identification:_identify(log) by extensions ['ignore', 'ignore_ament_install']
[1.630s] Level 1:colcon.colcon_core.package_identification:_identify(log) by extension 'ignore'
[1.630s] Level 1:colcon.colcon_core.package_identification:_identify(log) ignored
[1.631s] Level 1:colcon.colcon_core.package_identification:_identify(src) by extensions ['ignore', 'ignore_ament_install']
[1.632s] Level 1:colcon.colcon_core.package_identification:_identify(src) by extension 'ignore'
[1.632s] Level 1:colcon.colcon_core.package_identification:_identify(src) by extension 'ignore_ament_install'
[1.633s] Level 1:colcon.colcon_core.package_identification:_identify(src) by extensions ['colcon_pkg']
[1.633s] Level 1:colcon.colcon_core.package_identification:_identify(src) by extension 'colcon_pkg'
[1.634s] Level 1:colcon.colcon_core.package_identification:_identify(src) by extensions ['colcon_meta']
[1.634s] Level 1:colcon.colcon_core.package_identification:_identify(src) by extension 'colcon_meta'
[1.635s] Level 1:colcon.colcon_core.package_identification:_identify(src) by extensions ['ros']
[1.635s] Level 1:colcon.colcon_core.package_identification:_identify(src) by extension 'ros'
[1.636s] Level 1:colcon.colcon_core.package_identification:_identify(src) by extensions ['cmake', 'python']
[1.636s] Level 1:colcon.colcon_core.package_identification:_identify(src) by extension 'cmake'
[1.636s] Level 1:colcon.colcon_core.package_identification:_identify(src) by extension 'python'
[1.637s] Level 1:colcon.colcon_core.package_identification:_identify(src) by extensions ['python_setup_py']
[1.637s] Level 1:colcon.colcon_core.package_identification:_identify(src) by extension 'python_setup_py'
[1.638s] Level 1:colcon.colcon_core.package_identification:_identify(src/cam_imag_pro) by extensions ['ignore', 'ignore_ament_install']
[1.639s] Level 1:colcon.colcon_core.package_identification:_identify(src/cam_imag_pro) by extension 'ignore'
[1.639s] Level 1:colcon.colcon_core.package_identification:_identify(src/cam_imag_pro) by extension 'ignore_ament_install'
[1.640s] Level 1:colcon.colcon_core.package_identification:_identify(src/cam_imag_pro) by extensions ['colcon_pkg']
[1.640s] Level 1:colcon.colcon_core.package_identification:_identify(src/cam_imag_pro) by extension 'colcon_pkg'
[1.641s] Level 1:colcon.colcon_core.package_identification:_identify(src/cam_imag_pro) by extensions ['colcon_meta']
[1.641s] Level 1:colcon.colcon_core.package_identification:_identify(src/cam_imag_pro) by extension 'colcon_meta'
[1.642s] Level 1:colcon.colcon_core.package_identification:_identify(src/cam_imag_pro) by extensions ['ros']
[1.643s] Level 1:colcon.colcon_core.package_identification:_identify(src/cam_imag_pro) by extension 'ros'
[1.660s] DEBUG:colcon.colcon_core.package_identification:Package 'src/cam_imag_pro' with type 'ros.ament_cmake' and name 'cam_imag_pro'
[1.661s] Level 1:colcon.colcon_core.package_identification:_identify(src/setpoints_publisher) by extensions ['ignore', 'ignore_ament_install']
[1.661s] Level 1:colcon.colcon_core.package_identification:_identify(src/setpoints_publisher) by extension 'ignore'
[1.662s] Level 1:colcon.colcon_core.package_identification:_identify(src/setpoints_publisher) by extension 'ignore_ament_install'
[1.662s] Level 1:colcon.colcon_core.package_identification:_identify(src/setpoints_publisher) by extensions ['colcon_pkg']
[1.663s] Level 1:colcon.colcon_core.package_identification:_identify(src/setpoints_publisher) by extension 'colcon_pkg'
[1.663s] Level 1:colcon.colcon_core.package_identification:_identify(src/setpoints_publisher) by extensions ['colcon_meta']
[1.664s] Level 1:colcon.colcon_core.package_identification:_identify(src/setpoints_publisher) by extension 'colcon_meta'
[1.664s] Level 1:colcon.colcon_core.package_identification:_identify(src/setpoints_publisher) by extensions ['ros']
[1.665s] Level 1:colcon.colcon_core.package_identification:_identify(src/setpoints_publisher) by extension 'ros'
[1.668s] DEBUG:colcon.colcon_core.package_identification:Package 'src/setpoints_publisher' with type 'ros.ament_cmake' and name 'setpoints_publisher'
[1.669s] Level 1:colcon.colcon_core.package_discovery:discover_packages(recursive) using defaults
[1.669s] Level 1:colcon.colcon_core.package_discovery:discover_packages(ignore) discover
[1.669s] Level 1:colcon.colcon_core.package_discovery:discover_packages(ignore) using defaults
[1.670s] Level 1:colcon.colcon_core.package_discovery:discover_packages(path) discover
[1.670s] Level 1:colcon.colcon_core.package_discovery:discover_packages(path) using defaults
[1.761s] INFO:colcon.colcon_core.package_selection:Skipping not selected package 'cam_imag_pro' in 'src/cam_imag_pro'
[1.763s] Level 1:colcon.colcon_core.package_discovery:discover_packages(prefix_path) check parameters
[1.764s] Level 1:colcon.colcon_core.package_discovery:discover_packages(prefix_path) discover
[1.771s] DEBUG:colcon.colcon_installed_package_information.package_discovery:Found 2 installed packages in /home/asdfr_cbl_08/ROS2-RELbot/install
[1.776s] DEBUG:colcon.colcon_installed_package_information.package_discovery:Found 270 installed packages in /opt/ros/humble
[1.839s] Level 1:colcon.colcon_core.package_discovery:discover_packages(prefix_path) using defaults
[2.040s] Level 5:colcon.colcon_core.verb:set package 'setpoints_publisher' build argument 'cmake_args' from command line to 'None'
[2.040s] Level 5:colcon.colcon_core.verb:set package 'setpoints_publisher' build argument 'cmake_target' from command line to 'None'
[2.041s] Level 5:colcon.colcon_core.verb:set package 'setpoints_publisher' build argument 'cmake_target_skip_unavailable' from command line to 'False'
[2.041s] Level 5:colcon.colcon_core.verb:set package 'setpoints_publisher' build argument 'cmake_clean_cache' from command line to 'False'
[2.041s] Level 5:colcon.colcon_core.verb:set package 'setpoints_publisher' build argument 'cmake_clean_first' from command line to 'False'
[2.041s] Level 5:colcon.colcon_core.verb:set package 'setpoints_publisher' build argument 'cmake_force_configure' from command line to 'False'
[2.042s] Level 5:colcon.colcon_core.verb:set package 'setpoints_publisher' build argument 'ament_cmake_args' from command line to 'None'
[2.042s] Level 5:colcon.colcon_core.verb:set package 'setpoints_publisher' build argument 'catkin_cmake_args' from command line to 'None'
[2.042s] Level 5:colcon.colcon_core.verb:set package 'setpoints_publisher' build argument 'catkin_skip_building_tests' from command line to 'False'
[2.043s] DEBUG:colcon.colcon_core.verb:Building package 'setpoints_publisher' with the following arguments: {'ament_cmake_args': None, 'build_base': '/home/asdfr_cbl_08/ROS2-RELbot/build/setpoints_publisher', 'catkin_cmake_args': None, 'catkin_skip_building_tests': False, 'cmake_args': None, 'cmake_clean_cache': False, 'cmake_clean_first': False, 'cmake_force_configure': False, 'cmake_target': None, 'cmake_target_skip_unavailable': False, 'install_base': '/home/asdfr_cbl_08/ROS2-RELbot/install/setpoints_publisher', 'merge_install': False, 'path': '/home/asdfr_cbl_08/ROS2-RELbot/src/setpoints_publisher', 'symlink_install': False, 'test_result_base': None}
[2.044s] INFO:colcon.colcon_core.executor:Executing jobs using 'parallel' executor
[2.050s] DEBUG:colcon.colcon_parallel_executor.executor.parallel:run_until_complete
[2.052s] INFO:colcon.colcon_ros.task.ament_cmake.build:Building ROS package in '/home/asdfr_cbl_08/ROS2-RELbot/src/setpoints_publisher' with build type 'ament_cmake'
[2.053s] INFO:colcon.colcon_cmake.task.cmake.build:Building CMake package in '/home/asdfr_cbl_08/ROS2-RELbot/src/setpoints_publisher'
[2.071s] INFO:colcon.colcon_core.plugin_system:Skipping extension 'colcon_core.shell.bat': Not used on non-Windows systems
[2.072s] INFO:colcon.colcon_core.shell:Skip shell extension 'powershell' for command environment: Not usable outside of PowerShell
[2.073s] DEBUG:colcon.colcon_core.shell:Skip shell extension 'dsv' for command environment
[2.136s] DEBUG:colcon.colcon_core.event_handler.log_command:Invoking command in '/home/asdfr_cbl_08/ROS2-RELbot/build/setpoints_publisher': CMAKE_PREFIX_PATH=${CMAKE_PREFIX_PATH}:/opt/ros/humble /usr/bin/cmake --build /home/asdfr_cbl_08/ROS2-RELbot/build/setpoints_publisher -- -j3 -l3
[50.426s] DEBUG:colcon.colcon_core.event_handler.log_command:Invoked command in '/home/asdfr_cbl_08/ROS2-RELbot/build/setpoints_publisher' returned '0': CMAKE_PREFIX_PATH=${CMAKE_PREFIX_PATH}:/opt/ros/humble /usr/bin/cmake --build /home/asdfr_cbl_08/ROS2-RELbot/build/setpoints_publisher -- -j3 -l3
[50.539s] DEBUG:colcon.colcon_core.event_handler.log_command:Invoking command in '/home/asdfr_cbl_08/ROS2-RELbot/build/setpoints_publisher': CMAKE_PREFIX_PATH=${CMAKE_PREFIX_PATH}:/opt/ros/humble /usr/bin/cmake --install /home/asdfr_cbl_08/ROS2-RELbot/build/setpoints_publisher
[50.803s] Level 1:colcon.colcon_core.environment:create_environment_scripts_only(setpoints_publisher)
[50.826s] Level 1:colcon.colcon_core.environment:checking '/home/asdfr_cbl_08/ROS2-RELbot/install/setpoints_publisher' for CMake module files
[50.831s] Level 1:colcon.colcon_core.environment:checking '/home/asdfr_cbl_08/ROS2-RELbot/install/setpoints_publisher' for CMake config files
[50.834s] Level 1:colcon.colcon_core.shell:create_environment_hook('setpoints_publisher', 'cmake_prefix_path')
[50.835s] INFO:colcon.colcon_core.shell:Creating environment hook '/home/asdfr_cbl_08/ROS2-RELbot/install/setpoints_publisher/share/setpoints_publisher/hook/cmake_prefix_path.ps1'
[50.835s] DEBUG:colcon.colcon_core.event_handler.log_command:Invoked command in '/home/asdfr_cbl_08/ROS2-RELbot/build/setpoints_publisher' returned '0': CMAKE_PREFIX_PATH=${CMAKE_PREFIX_PATH}:/opt/ros/humble /usr/bin/cmake --install /home/asdfr_cbl_08/ROS2-RELbot/build/setpoints_publisher
[50.838s] INFO:colcon.colcon_core.shell:Creating environment descriptor '/home/asdfr_cbl_08/ROS2-RELbot/install/setpoints_publisher/share/setpoints_publisher/hook/cmake_prefix_path.dsv'
[50.841s] INFO:colcon.colcon_core.shell:Creating environment hook '/home/asdfr_cbl_08/ROS2-RELbot/install/setpoints_publisher/share/setpoints_publisher/hook/cmake_prefix_path.sh'
[50.854s] Level 1:colcon.colcon_core.environment:checking '/home/asdfr_cbl_08/ROS2-RELbot/install/setpoints_publisher/lib'
[50.858s] Level 1:colcon.colcon_core.environment:checking '/home/asdfr_cbl_08/ROS2-RELbot/install/setpoints_publisher/bin'
[50.861s] Level 1:colcon.colcon_core.environment:checking '/home/asdfr_cbl_08/ROS2-RELbot/install/setpoints_publisher/lib/pkgconfig/setpoints_publisher.pc'
[50.864s] Level 1:colcon.colcon_core.environment:checking '/home/asdfr_cbl_08/ROS2-RELbot/install/setpoints_publisher/lib/python3.10/site-packages'
[50.869s] Level 1:colcon.colcon_core.environment:checking '/home/asdfr_cbl_08/ROS2-RELbot/install/setpoints_publisher/bin'
[50.871s] INFO:colcon.colcon_core.shell:Creating package script '/home/asdfr_cbl_08/ROS2-RELbot/install/setpoints_publisher/share/setpoints_publisher/package.ps1'
[50.880s] INFO:colcon.colcon_core.shell:Creating package descriptor '/home/asdfr_cbl_08/ROS2-RELbot/install/setpoints_publisher/share/setpoints_publisher/package.dsv'
[50.890s] INFO:colcon.colcon_core.shell:Creating package script '/home/asdfr_cbl_08/ROS2-RELbot/install/setpoints_publisher/share/setpoints_publisher/package.sh'
[50.895s] INFO:colcon.colcon_core.shell:Creating package script '/home/asdfr_cbl_08/ROS2-RELbot/install/setpoints_publisher/share/setpoints_publisher/package.bash'
[50.899s] INFO:colcon.colcon_core.shell:Creating package script '/home/asdfr_cbl_08/ROS2-RELbot/install/setpoints_publisher/share/setpoints_publisher/package.zsh'
[50.907s] Level 1:colcon.colcon_core.environment:create_file_with_runtime_dependencies(/home/asdfr_cbl_08/ROS2-RELbot/install/setpoints_publisher/share/colcon-core/packages/setpoints_publisher)
[50.999s] Level 1:colcon.colcon_core.environment:create_environment_scripts_only(setpoints_publisher)
[51.001s] Level 1:colcon.colcon_core.environment:checking '/home/asdfr_cbl_08/ROS2-RELbot/install/setpoints_publisher' for CMake module files
[51.004s] Level 1:colcon.colcon_core.environment:checking '/home/asdfr_cbl_08/ROS2-RELbot/install/setpoints_publisher' for CMake config files
[51.006s] Level 1:colcon.colcon_core.shell:create_environment_hook('setpoints_publisher', 'cmake_prefix_path')
[51.007s] INFO:colcon.colcon_core.shell:Creating environment hook '/home/asdfr_cbl_08/ROS2-RELbot/install/setpoints_publisher/share/setpoints_publisher/hook/cmake_prefix_path.ps1'
[51.009s] INFO:colcon.colcon_core.shell:Creating environment descriptor '/home/asdfr_cbl_08/ROS2-RELbot/install/setpoints_publisher/share/setpoints_publisher/hook/cmake_prefix_path.dsv'
[51.011s] INFO:colcon.colcon_core.shell:Creating environment hook '/home/asdfr_cbl_08/ROS2-RELbot/install/setpoints_publisher/share/setpoints_publisher/hook/cmake_prefix_path.sh'
[51.016s] Level 1:colcon.colcon_core.environment:checking '/home/asdfr_cbl_08/ROS2-RELbot/install/setpoints_publisher/lib'
[51.017s] Level 1:colcon.colcon_core.environment:checking '/home/asdfr_cbl_08/ROS2-RELbot/install/setpoints_publisher/bin'
[51.018s] Level 1:colcon.colcon_core.environment:checking '/home/asdfr_cbl_08/ROS2-RELbot/install/setpoints_publisher/lib/pkgconfig/setpoints_publisher.pc'
[51.021s] Level 1:colcon.colcon_core.environment:checking '/home/asdfr_cbl_08/ROS2-RELbot/install/setpoints_publisher/lib/python3.10/site-packages'
[51.024s] Level 1:colcon.colcon_core.environment:checking '/home/asdfr_cbl_08/ROS2-RELbot/install/setpoints_publisher/bin'
[51.027s] INFO:colcon.colcon_core.shell:Creating package script '/home/asdfr_cbl_08/ROS2-RELbot/install/setpoints_publisher/share/setpoints_publisher/package.ps1'
[51.031s] INFO:colcon.colcon_core.shell:Creating package descriptor '/home/asdfr_cbl_08/ROS2-RELbot/install/setpoints_publisher/share/setpoints_publisher/package.dsv'
[51.035s] INFO:colcon.colcon_core.shell:Creating package script '/home/asdfr_cbl_08/ROS2-RELbot/install/setpoints_publisher/share/setpoints_publisher/package.sh'
[51.038s] INFO:colcon.colcon_core.shell:Creating package script '/home/asdfr_cbl_08/ROS2-RELbot/install/setpoints_publisher/share/setpoints_publisher/package.bash'
[51.043s] INFO:colcon.colcon_core.shell:Creating package script '/home/asdfr_cbl_08/ROS2-RELbot/install/setpoints_publisher/share/setpoints_publisher/package.zsh'
[51.045s] Level 1:colcon.colcon_core.environment:create_file_with_runtime_dependencies(/home/asdfr_cbl_08/ROS2-RELbot/install/setpoints_publisher/share/colcon-core/packages/setpoints_publisher)
[51.049s] DEBUG:colcon.colcon_parallel_executor.executor.parallel:closing loop
[51.050s] DEBUG:colcon.colcon_parallel_executor.executor.parallel:loop closed
[51.051s] DEBUG:colcon.colcon_parallel_executor.executor.parallel:run_until_complete finished with '0'
[51.056s] DEBUG:colcon.colcon_core.event_reactor:joining thread
[51.080s] INFO:colcon.colcon_core.plugin_system:Skipping extension 'colcon_notification.desktop_notification.notify_send': Could not find 'notify-send'
[51.081s] INFO:colcon.colcon_core.plugin_system:Skipping extension 'colcon_notification.desktop_notification.terminal_notifier': Not used on non-Darwin systems
[51.087s] INFO:colcon.colcon_core.plugin_system:Skipping extension 'colcon_notification.desktop_notification.win32': Not used on non-Windows systems
[51.090s] INFO:colcon.colcon_notification.desktop_notification:Sending desktop notification using 'notify2'
[51.094s] DEBUG:colcon.colcon_notification.desktop_notification.notify2:Failed to initialize notify2: org.freedesktop.DBus.Error.ServiceUnknown: The name org.freedesktop.Notifications was not provided by any .service files
[51.094s] DEBUG:colcon.colcon_core.event_reactor:joined thread
[51.096s] INFO:colcon.colcon_core.shell:Creating prefix script '/home/asdfr_cbl_08/ROS2-RELbot/install/local_setup.ps1'
[51.100s] INFO:colcon.colcon_core.shell:Creating prefix util module '/home/asdfr_cbl_08/ROS2-RELbot/install/_local_setup_util_ps1.py'
[51.106s] INFO:colcon.colcon_core.shell:Creating prefix chain script '/home/asdfr_cbl_08/ROS2-RELbot/install/setup.ps1'
[51.111s] INFO:colcon.colcon_core.shell:Creating prefix script '/home/asdfr_cbl_08/ROS2-RELbot/install/local_setup.sh'
[51.114s] INFO:colcon.colcon_core.shell:Creating prefix util module '/home/asdfr_cbl_08/ROS2-RELbot/install/_local_setup_util_sh.py'
[51.118s] INFO:colcon.colcon_core.shell:Creating prefix chain script '/home/asdfr_cbl_08/ROS2-RELbot/install/setup.sh'
[51.127s] INFO:colcon.colcon_core.shell:Creating prefix script '/home/asdfr_cbl_08/ROS2-RELbot/install/local_setup.bash'
[51.132s] INFO:colcon.colcon_core.shell:Creating prefix chain script '/home/asdfr_cbl_08/ROS2-RELbot/install/setup.bash'
[51.138s] INFO:colcon.colcon_core.shell:Creating prefix script '/home/asdfr_cbl_08/ROS2-RELbot/install/local_setup.zsh'
[51.141s] INFO:colcon.colcon_core.shell:Creating prefix chain script '/home/asdfr_cbl_08/ROS2-RELbot/install/setup.zsh'
