[0.047s] Invoking command in '/home/asdfr_cbl_08/ROS2-RELbot/build/setpoints_publisher': CMAKE_PREFIX_PATH=${CMAKE_PREFIX_PATH}:/opt/ros/humble /usr/bin/cmake --build /home/asdfr_cbl_08/ROS2-RELbot/build/setpoints_publisher -- -j3 -l3
[0.136s] -- Found ament_cmake: 1.3.8 (/opt/ros/humble/share/ament_cmake/cmake)
[0.716s] -- Found rclcpp: 16.0.8 (/opt/ros/humble/share/rclcpp/cmake)
[0.837s] -- Found rosidl_generator_c: 3.1.5 (/opt/ros/humble/share/rosidl_generator_c/cmake)
[0.850s] -- Found rosidl_adapter: 3.1.5 (/opt/ros/humble/share/rosidl_adapter/cmake)
[0.880s] -- Found rosidl_generator_cpp: 3.1.5 (/opt/ros/humble/share/rosidl_generator_cpp/cmake)
[0.929s] -- Using all available rosidl_typesupport_c: rosidl_typesupport_fastrtps_c;rosidl_typesupport_introspection_c
[0.998s] -- Using all available rosidl_typesupport_cpp: rosidl_typesupport_fastrtps_cpp;rosidl_typesupport_introspection_cpp
[1.245s] -- Found rmw_implementation_cmake: 6.1.1 (/opt/ros/humble/share/rmw_implementation_cmake/cmake)
[1.251s] -- Found rmw_fastrtps_cpp: 6.2.6 (/opt/ros/humble/share/rmw_fastrtps_cpp/cmake)
[1.638s] -- Using RMW implementation 'rmw_fastrtps_cpp' as default
[2.299s] -- Found geometry_msgs: 4.2.3 (/opt/ros/humble/share/geometry_msgs/cmake)
[2.478s] -- Found custom_msgs: 0.0.0 (/home/asdfr_cbl_08/xenomia4-framework/install/custom_msgs/share/custom_msgs/cmake)
[2.551s] -- Found ament_lint_auto: 0.12.10 (/opt/ros/humble/share/ament_lint_auto/cmake)
[2.921s] -- Added test 'cppcheck' to perform static code analysis on C / C++ code
[2.923s] -- Configured cppcheck include dirs: $<BUILD_INTERFACE:/home/asdfr_cbl_08/ROS2-RELbot/src/setpoints_publisher/include/setpoints_publisher>
[2.924s] -- Configured cppcheck exclude dirs and/or files: 
[2.926s] -- Added test 'flake8' to check Python code syntax and style conventions
[2.931s] -- Added test 'lint_cmake' to check CMake code style
[2.932s] -- Added test 'pep257' to check Python code against some of the docstring style conventions in PEP 257
[2.936s] -- Added test 'uncrustify' to check C / C++ code style
[2.937s] -- Configured uncrustify additional arguments: 
[2.939s] -- Added test 'xmllint' to check XML markup files
[2.946s] -- Configuring done
[2.999s] -- Generating done
[3.017s] -- Build files have been written to: /home/asdfr_cbl_08/ROS2-RELbot/build/setpoints_publisher
[3.107s] [35m[1mConsolidate compiler generated dependencies of target setpoints_publisher[0m
[3.489s] [ 50%] [32mBuilding CXX object CMakeFiles/setpoints_publisher.dir/src/setpoints_publisher.cpp.o[0m
[4.286s] In file included from [01m[K/home/asdfr_cbl_08/ROS2-RELbot/src/setpoints_publisher/src/setpoints_publisher.cpp:1[m[K:
[4.287s] [01m[K/home/asdfr_cbl_08/ROS2-RELbot/src/setpoints_publisher/include/setpoints_publisher/setpoints_publisher.hpp:11:10:[m[K [01;31m[Kfatal error: [m[Kcustom_msgs/msg/Ros2Xeno.hpp: No such file or directory
[4.294s]    11 | #include [01;31m[K"custom_msgs/msg/Ros2Xeno.hpp"[m[K
[4.304s]       |          [01;31m[K^~~~~~~~~~~~~~~~~~~~~~~~~~~~~~[m[K
[4.306s] compilation terminated.
[4.307s] gmake[2]: *** [CMakeFiles/setpoints_publisher.dir/build.make:76: CMakeFiles/setpoints_publisher.dir/src/setpoints_publisher.cpp.o] Error 1
[4.308s] gmake[1]: *** [CMakeFiles/Makefile2:137: CMakeFiles/setpoints_publisher.dir/all] Error 2
[4.310s] gmake: *** [Makefile:146: all] Error 2
[4.311s] Invoked command in '/home/asdfr_cbl_08/ROS2-RELbot/build/setpoints_publisher' returned '2': CMAKE_PREFIX_PATH=${CMAKE_PREFIX_PATH}:/opt/ros/humble /usr/bin/cmake --build /home/asdfr_cbl_08/ROS2-RELbot/build/setpoints_publisher -- -j3 -l3
