[0.069s] DEBUG:colcon:Command line arguments: ['/usr/bin/colcon', 'list', '-p', '--base-paths', '/home/tinsae/ASDFR/assignment3_ws/production/ROS2-RELbot-V2']
[0.069s] DEBUG:colcon:Parsed command line arguments: Namespace(log_base=None, log_level=None, verb_name='list', build_base='build', ignore_user_meta=False, metas=['./colcon.meta'], base_paths=['/home/tinsae/ASDFR/assignment3_ws/production/ROS2-RELbot-V2'], packages_ignore=None, packages_ignore_regex=None, paths=None, packages_up_to=None, packages_up_to_regex=None, packages_above=None, packages_above_and_dependencies=None, packages_above_depth=None, packages_select_by_dep=None, packages_skip_by_dep=None, packages_skip_up_to=None, packages_select_build_failed=False, packages_skip_build_finished=False, packages_select_test_failures=False, packages_skip_test_passed=False, packages_select=None, packages_skip=None, packages_select_regex=None, packages_skip_regex=None, packages_start=None, packages_end=None, allow_overriding=[], topological_order=False, names_only=False, paths_only=True, topological_graph=False, topological_graph_dot=False, topological_graph_density=False, topological_graph_legend=False, topological_graph_dot_cluster=False, topological_graph_dot_include_skipped=False, verb_parser=<colcon_defaults.argument_parser.defaults.DefaultArgumentsDecorator object at 0x715208f70d90>, verb_extension=<colcon_package_information.verb.list.ListVerb object at 0x715208f3beb0>, main=<bound method ListVerb.main of <colcon_package_information.verb.list.ListVerb object at 0x715208f3beb0>>)
[0.214s] Level 1:colcon.colcon_core.package_discovery:discover_packages(colcon_meta) check parameters
[0.215s] Level 1:colcon.colcon_core.package_discovery:discover_packages(recursive) check parameters
[0.215s] Level 1:colcon.colcon_core.package_discovery:discover_packages(ignore) check parameters
[0.215s] Level 1:colcon.colcon_core.package_discovery:discover_packages(path) check parameters
[0.215s] Level 1:colcon.colcon_core.package_discovery:discover_packages(recursive) discover
[0.215s] INFO:colcon.colcon_core.package_discovery:Crawling recursively for packages in '/home/tinsae/ASDFR/assignment3_ws/production/ROS2-RELbot-V2'
[0.215s] Level 1:colcon.colcon_core.package_identification:_identify(/home/tinsae/ASDFR/assignment3_ws/production/ROS2-RELbot-V2) by extensions ['ignore', 'ignore_ament_install']
[0.215s] Level 1:colcon.colcon_core.package_identification:_identify(/home/tinsae/ASDFR/assignment3_ws/production/ROS2-RELbot-V2) by extension 'ignore'
[0.215s] Level 1:colcon.colcon_core.package_identification:_identify(/home/tinsae/ASDFR/assignment3_ws/production/ROS2-RELbot-V2) by extension 'ignore_ament_install'
[0.215s] Level 1:colcon.colcon_core.package_identification:_identify(/home/tinsae/ASDFR/assignment3_ws/production/ROS2-RELbot-V2) by extensions ['colcon_pkg']
[0.215s] Level 1:colcon.colcon_core.package_identification:_identify(/home/tinsae/ASDFR/assignment3_ws/production/ROS2-RELbot-V2) by extension 'colcon_pkg'
[0.215s] Level 1:colcon.colcon_core.package_identification:_identify(/home/tinsae/ASDFR/assignment3_ws/production/ROS2-RELbot-V2) by extensions ['colcon_meta']
[0.215s] Level 1:colcon.colcon_core.package_identification:_identify(/home/tinsae/ASDFR/assignment3_ws/production/ROS2-RELbot-V2) by extension 'colcon_meta'
[0.215s] Level 1:colcon.colcon_core.package_identification:_identify(/home/tinsae/ASDFR/assignment3_ws/production/ROS2-RELbot-V2) by extensions ['ros']
[0.215s] Level 1:colcon.colcon_core.package_identification:_identify(/home/tinsae/ASDFR/assignment3_ws/production/ROS2-RELbot-V2) by extension 'ros'
[0.228s] Level 1:colcon.colcon_core.package_identification:_identify(/home/tinsae/ASDFR/assignment3_ws/production/ROS2-RELbot-V2) by extensions ['cmake', 'python']
[0.228s] Level 1:colcon.colcon_core.package_identification:_identify(/home/tinsae/ASDFR/assignment3_ws/production/ROS2-RELbot-V2) by extension 'cmake'
[0.228s] Level 1:colcon.colcon_core.package_identification:_identify(/home/tinsae/ASDFR/assignment3_ws/production/ROS2-RELbot-V2) by extension 'python'
[0.228s] Level 1:colcon.colcon_core.package_identification:_identify(/home/tinsae/ASDFR/assignment3_ws/production/ROS2-RELbot-V2) by extensions ['python_setup_py']
[0.228s] Level 1:colcon.colcon_core.package_identification:_identify(/home/tinsae/ASDFR/assignment3_ws/production/ROS2-RELbot-V2) by extension 'python_setup_py'
[0.229s] Level 1:colcon.colcon_core.package_identification:_identify(/home/tinsae/ASDFR/assignment3_ws/production/ROS2-RELbot-V2/log) by extensions ['ignore', 'ignore_ament_install']
[0.229s] Level 1:colcon.colcon_core.package_identification:_identify(/home/tinsae/ASDFR/assignment3_ws/production/ROS2-RELbot-V2/log) by extension 'ignore'
[0.229s] Level 1:colcon.colcon_core.package_identification:_identify(/home/tinsae/ASDFR/assignment3_ws/production/ROS2-RELbot-V2/log) ignored
[0.229s] Level 1:colcon.colcon_core.package_identification:_identify(/home/tinsae/ASDFR/assignment3_ws/production/ROS2-RELbot-V2/src) by extensions ['ignore', 'ignore_ament_install']
[0.229s] Level 1:colcon.colcon_core.package_identification:_identify(/home/tinsae/ASDFR/assignment3_ws/production/ROS2-RELbot-V2/src) by extension 'ignore'
[0.229s] Level 1:colcon.colcon_core.package_identification:_identify(/home/tinsae/ASDFR/assignment3_ws/production/ROS2-RELbot-V2/src) by extension 'ignore_ament_install'
[0.229s] Level 1:colcon.colcon_core.package_identification:_identify(/home/tinsae/ASDFR/assignment3_ws/production/ROS2-RELbot-V2/src) by extensions ['colcon_pkg']
[0.229s] Level 1:colcon.colcon_core.package_identification:_identify(/home/tinsae/ASDFR/assignment3_ws/production/ROS2-RELbot-V2/src) by extension 'colcon_pkg'
[0.229s] Level 1:colcon.colcon_core.package_identification:_identify(/home/tinsae/ASDFR/assignment3_ws/production/ROS2-RELbot-V2/src) by extensions ['colcon_meta']
[0.229s] Level 1:colcon.colcon_core.package_identification:_identify(/home/tinsae/ASDFR/assignment3_ws/production/ROS2-RELbot-V2/src) by extension 'colcon_meta'
[0.229s] Level 1:colcon.colcon_core.package_identification:_identify(/home/tinsae/ASDFR/assignment3_ws/production/ROS2-RELbot-V2/src) by extensions ['ros']
[0.229s] Level 1:colcon.colcon_core.package_identification:_identify(/home/tinsae/ASDFR/assignment3_ws/production/ROS2-RELbot-V2/src) by extension 'ros'
[0.229s] Level 1:colcon.colcon_core.package_identification:_identify(/home/tinsae/ASDFR/assignment3_ws/production/ROS2-RELbot-V2/src) by extensions ['cmake', 'python']
[0.229s] Level 1:colcon.colcon_core.package_identification:_identify(/home/tinsae/ASDFR/assignment3_ws/production/ROS2-RELbot-V2/src) by extension 'cmake'
[0.229s] Level 1:colcon.colcon_core.package_identification:_identify(/home/tinsae/ASDFR/assignment3_ws/production/ROS2-RELbot-V2/src) by extension 'python'
[0.229s] Level 1:colcon.colcon_core.package_identification:_identify(/home/tinsae/ASDFR/assignment3_ws/production/ROS2-RELbot-V2/src) by extensions ['python_setup_py']
[0.229s] Level 1:colcon.colcon_core.package_identification:_identify(/home/tinsae/ASDFR/assignment3_ws/production/ROS2-RELbot-V2/src) by extension 'python_setup_py'
[0.229s] Level 1:colcon.colcon_core.package_identification:_identify(/home/tinsae/ASDFR/assignment3_ws/production/ROS2-RELbot-V2/src/cam_imag_pro) by extensions ['ignore', 'ignore_ament_install']
[0.229s] Level 1:colcon.colcon_core.package_identification:_identify(/home/tinsae/ASDFR/assignment3_ws/production/ROS2-RELbot-V2/src/cam_imag_pro) by extension 'ignore'
[0.229s] Level 1:colcon.colcon_core.package_identification:_identify(/home/tinsae/ASDFR/assignment3_ws/production/ROS2-RELbot-V2/src/cam_imag_pro) by extension 'ignore_ament_install'
[0.229s] Level 1:colcon.colcon_core.package_identification:_identify(/home/tinsae/ASDFR/assignment3_ws/production/ROS2-RELbot-V2/src/cam_imag_pro) by extensions ['colcon_pkg']
[0.229s] Level 1:colcon.colcon_core.package_identification:_identify(/home/tinsae/ASDFR/assignment3_ws/production/ROS2-RELbot-V2/src/cam_imag_pro) by extension 'colcon_pkg'
[0.229s] Level 1:colcon.colcon_core.package_identification:_identify(/home/tinsae/ASDFR/assignment3_ws/production/ROS2-RELbot-V2/src/cam_imag_pro) by extensions ['colcon_meta']
[0.229s] Level 1:colcon.colcon_core.package_identification:_identify(/home/tinsae/ASDFR/assignment3_ws/production/ROS2-RELbot-V2/src/cam_imag_pro) by extension 'colcon_meta'
[0.229s] Level 1:colcon.colcon_core.package_identification:_identify(/home/tinsae/ASDFR/assignment3_ws/production/ROS2-RELbot-V2/src/cam_imag_pro) by extensions ['ros']
[0.229s] Level 1:colcon.colcon_core.package_identification:_identify(/home/tinsae/ASDFR/assignment3_ws/production/ROS2-RELbot-V2/src/cam_imag_pro) by extension 'ros'
[0.231s] DEBUG:colcon.colcon_core.package_identification:Package '/home/tinsae/ASDFR/assignment3_ws/production/ROS2-RELbot-V2/src/cam_imag_pro' with type 'ros.ament_cmake' and name 'cam_imag_pro'
[0.231s] Level 1:colcon.colcon_core.package_identification:_identify(/home/tinsae/ASDFR/assignment3_ws/production/ROS2-RELbot-V2/src/connector_node) by extensions ['ignore', 'ignore_ament_install']
[0.232s] Level 1:colcon.colcon_core.package_identification:_identify(/home/tinsae/ASDFR/assignment3_ws/production/ROS2-RELbot-V2/src/connector_node) by extension 'ignore'
[0.232s] Level 1:colcon.colcon_core.package_identification:_identify(/home/tinsae/ASDFR/assignment3_ws/production/ROS2-RELbot-V2/src/connector_node) by extension 'ignore_ament_install'
[0.232s] Level 1:colcon.colcon_core.package_identification:_identify(/home/tinsae/ASDFR/assignment3_ws/production/ROS2-RELbot-V2/src/connector_node) by extensions ['colcon_pkg']
[0.232s] Level 1:colcon.colcon_core.package_identification:_identify(/home/tinsae/ASDFR/assignment3_ws/production/ROS2-RELbot-V2/src/connector_node) by extension 'colcon_pkg'
[0.232s] Level 1:colcon.colcon_core.package_identification:_identify(/home/tinsae/ASDFR/assignment3_ws/production/ROS2-RELbot-V2/src/connector_node) by extensions ['colcon_meta']
[0.232s] Level 1:colcon.colcon_core.package_identification:_identify(/home/tinsae/ASDFR/assignment3_ws/production/ROS2-RELbot-V2/src/connector_node) by extension 'colcon_meta'
[0.232s] Level 1:colcon.colcon_core.package_identification:_identify(/home/tinsae/ASDFR/assignment3_ws/production/ROS2-RELbot-V2/src/connector_node) by extensions ['ros']
[0.232s] Level 1:colcon.colcon_core.package_identification:_identify(/home/tinsae/ASDFR/assignment3_ws/production/ROS2-RELbot-V2/src/connector_node) by extension 'ros'
[0.232s] DEBUG:colcon.colcon_core.package_identification:Package '/home/tinsae/ASDFR/assignment3_ws/production/ROS2-RELbot-V2/src/connector_node' with type 'ros.ament_cmake' and name 'connector_node'
[0.232s] Level 1:colcon.colcon_core.package_identification:_identify(/home/tinsae/ASDFR/assignment3_ws/production/ROS2-RELbot-V2/src/sequence_controller) by extensions ['ignore', 'ignore_ament_install']
[0.232s] Level 1:colcon.colcon_core.package_identification:_identify(/home/tinsae/ASDFR/assignment3_ws/production/ROS2-RELbot-V2/src/sequence_controller) by extension 'ignore'
[0.232s] Level 1:colcon.colcon_core.package_identification:_identify(/home/tinsae/ASDFR/assignment3_ws/production/ROS2-RELbot-V2/src/sequence_controller) by extension 'ignore_ament_install'
[0.232s] Level 1:colcon.colcon_core.package_identification:_identify(/home/tinsae/ASDFR/assignment3_ws/production/ROS2-RELbot-V2/src/sequence_controller) by extensions ['colcon_pkg']
[0.232s] Level 1:colcon.colcon_core.package_identification:_identify(/home/tinsae/ASDFR/assignment3_ws/production/ROS2-RELbot-V2/src/sequence_controller) by extension 'colcon_pkg'
[0.232s] Level 1:colcon.colcon_core.package_identification:_identify(/home/tinsae/ASDFR/assignment3_ws/production/ROS2-RELbot-V2/src/sequence_controller) by extensions ['colcon_meta']
[0.232s] Level 1:colcon.colcon_core.package_identification:_identify(/home/tinsae/ASDFR/assignment3_ws/production/ROS2-RELbot-V2/src/sequence_controller) by extension 'colcon_meta'
[0.232s] Level 1:colcon.colcon_core.package_identification:_identify(/home/tinsae/ASDFR/assignment3_ws/production/ROS2-RELbot-V2/src/sequence_controller) by extensions ['ros']
[0.232s] Level 1:colcon.colcon_core.package_identification:_identify(/home/tinsae/ASDFR/assignment3_ws/production/ROS2-RELbot-V2/src/sequence_controller) by extension 'ros'
[0.232s] Level 1:colcon.colcon_core.package_identification:_identify(/home/tinsae/ASDFR/assignment3_ws/production/ROS2-RELbot-V2/src/sequence_controller) by extensions ['cmake', 'python']
[0.233s] Level 1:colcon.colcon_core.package_identification:_identify(/home/tinsae/ASDFR/assignment3_ws/production/ROS2-RELbot-V2/src/sequence_controller) by extension 'cmake'
[0.233s] Level 1:colcon.colcon_core.package_identification:_identify(/home/tinsae/ASDFR/assignment3_ws/production/ROS2-RELbot-V2/src/sequence_controller) by extension 'python'
[0.233s] Level 1:colcon.colcon_core.package_identification:_identify(/home/tinsae/ASDFR/assignment3_ws/production/ROS2-RELbot-V2/src/sequence_controller) by extensions ['python_setup_py']
[0.233s] Level 1:colcon.colcon_core.package_identification:_identify(/home/tinsae/ASDFR/assignment3_ws/production/ROS2-RELbot-V2/src/sequence_controller) by extension 'python_setup_py'
[0.233s] Level 1:colcon.colcon_core.package_identification:_identify(/home/tinsae/ASDFR/assignment3_ws/production/ROS2-RELbot-V2/src/sequence_controller/install) by extensions ['ignore', 'ignore_ament_install']
[0.233s] Level 1:colcon.colcon_core.package_identification:_identify(/home/tinsae/ASDFR/assignment3_ws/production/ROS2-RELbot-V2/src/sequence_controller/install) by extension 'ignore'
[0.233s] Level 1:colcon.colcon_core.package_identification:_identify(/home/tinsae/ASDFR/assignment3_ws/production/ROS2-RELbot-V2/src/sequence_controller/install) ignored
[0.233s] Level 1:colcon.colcon_core.package_discovery:discover_packages(recursive) using defaults
