[0.039s] Invoking command in '/home/asdfr_cbl_08/ROS2-RELbot/build/setpoints_publisher': CMAKE_PREFIX_PATH=${CMAKE_PREFIX_PATH}:/opt/ros/humble /usr/bin/cmake --build /home/asdfr_cbl_08/ROS2-RELbot/build/setpoints_publisher -- -j3 -l3
[0.114s] -- Found ament_cmake: 1.3.8 (/opt/ros/humble/share/ament_cmake/cmake)
[0.634s] -- Found rclcpp: 16.0.8 (/opt/ros/humble/share/rclcpp/cmake)
[0.737s] -- Found rosidl_generator_c: 3.1.5 (/opt/ros/humble/share/rosidl_generator_c/cmake)
[0.751s] -- Found rosidl_adapter: 3.1.5 (/opt/ros/humble/share/rosidl_adapter/cmake)
[0.782s] -- Found rosidl_generator_cpp: 3.1.5 (/opt/ros/humble/share/rosidl_generator_cpp/cmake)
[0.828s] -- Using all available rosidl_typesupport_c: rosidl_typesupport_fastrtps_c;rosidl_typesupport_introspection_c
[0.881s] -- Using all available rosidl_typesupport_cpp: rosidl_typesupport_fastrtps_cpp;rosidl_typesupport_introspection_cpp
[1.077s] -- Found rmw_implementation_cmake: 6.1.1 (/opt/ros/humble/share/rmw_implementation_cmake/cmake)
[1.082s] -- Found rmw_fastrtps_cpp: 6.2.6 (/opt/ros/humble/share/rmw_fastrtps_cpp/cmake)
[1.409s] -- Using RMW implementation 'rmw_fastrtps_cpp' as default
[1.949s] -- Found geometry_msgs: 4.2.3 (/opt/ros/humble/share/geometry_msgs/cmake)
[2.093s] -- Found custom_msgs: 0.0.0 (/home/asdfr_cbl_08/xenomia4-framework/install/custom_msgs/share/custom_msgs/cmake)
[2.144s] -- Found ament_lint_auto: 0.12.10 (/opt/ros/humble/share/ament_lint_auto/cmake)
[2.392s] -- Added test 'cppcheck' to perform static code analysis on C / C++ code
[2.394s] -- Configured cppcheck include dirs: $<BUILD_INTERFACE:/home/asdfr_cbl_08/ROS2-RELbot/src/setpoints_publisher/include/setpoints_publisher>
[2.395s] -- Configured cppcheck exclude dirs and/or files: 
[2.396s] -- Added test 'flake8' to check Python code syntax and style conventions
[2.398s] -- Added test 'lint_cmake' to check CMake code style
[2.399s] -- Added test 'pep257' to check Python code against some of the docstring style conventions in PEP 257
[2.400s] -- Added test 'uncrustify' to check C / C++ code style
[2.402s] -- Configured uncrustify additional arguments: 
[2.403s] -- Added test 'xmllint' to check XML markup files
[2.405s] -- Configuring done
[2.448s] -- Generating done
[2.464s] -- Build files have been written to: /home/asdfr_cbl_08/ROS2-RELbot/build/setpoints_publisher
[2.539s] [35m[1mConsolidate compiler generated dependencies of target setpoints_publisher[0m
[2.909s] [ 50%] [32mBuilding CXX object CMakeFiles/setpoints_publisher.dir/src/setpoints_publisher.cpp.o[0m
[3.599s] In file included from [01m[K/home/asdfr_cbl_08/ROS2-RELbot/src/setpoints_publisher/src/setpoints_publisher.cpp:1[m[K:
[3.600s] [01m[K/home/asdfr_cbl_08/ROS2-RELbot/src/setpoints_publisher/include/setpoints_publisher/setpoints_publisher.hpp:11:10:[m[K [01;31m[Kfatal error: [m[Kcustom_msgs/msg/ros2xeno.hpp: No such file or directory
[3.601s]    11 | #include [01;31m[K"custom_msgs/msg/ros2xeno.hpp"[m[K
[3.603s]       |          [01;31m[K^~~~~~~~~~~~~~~~~~~~~~~~~~~~~~[m[K
[3.604s] compilation terminated.
[3.610s] gmake[2]: *** [CMakeFiles/setpoints_publisher.dir/build.make:76: CMakeFiles/setpoints_publisher.dir/src/setpoints_publisher.cpp.o] Error 1
[3.612s] gmake[1]: *** [CMakeFiles/Makefile2:137: CMakeFiles/setpoints_publisher.dir/all] Error 2
[3.617s] gmake: *** [Makefile:146: all] Error 2
[3.620s] Invoked command in '/home/asdfr_cbl_08/ROS2-RELbot/build/setpoints_publisher' returned '2': CMAKE_PREFIX_PATH=${CMAKE_PREFIX_PATH}:/opt/ros/humble /usr/bin/cmake --build /home/asdfr_cbl_08/ROS2-RELbot/build/setpoints_publisher -- -j3 -l3
