-- The C compiler identification is GNU 11.4.0
-- The CXX compiler identification is GNU 11.4.0
-- Detecting C compiler ABI info
-- Detecting C compiler ABI info - done
-- Check for working C compiler: /usr/bin/cc - skipped
-- Detecting C compile features
-- Detecting C compile features - done
-- Detecting CXX compiler ABI info
-- Detecting CXX compiler ABI info - done
-- Check for working CXX compiler: /usr/bin/c++ - skipped
-- Detecting CXX compile features
-- Detecting CXX compile features - done
-- Found ament_cmake: 1.3.8 (/opt/ros/humble/share/ament_cmake/cmake)
-- Found Python3: /usr/bin/python3 (found version "3.10.12") found components: Interpreter 
-- Found rclcpp: 16.0.8 (/opt/ros/humble/share/rclcpp/cmake)
-- Found rosidl_generator_c: 3.1.5 (/opt/ros/humble/share/rosidl_generator_c/cmake)
-- Found rosidl_adapter: 3.1.5 (/opt/ros/humble/share/rosidl_adapter/cmake)
-- Found rosidl_generator_cpp: 3.1.5 (/opt/ros/humble/share/rosidl_generator_cpp/cmake)
-- Using all available rosidl_typesupport_c: rosidl_typesupport_fastrtps_c;rosidl_typesupport_introspection_c
-- Using all available rosidl_typesupport_cpp: rosidl_typesupport_fastrtps_cpp;rosidl_typesupport_introspection_cpp
-- Found rmw_implementation_cmake: 6.1.1 (/opt/ros/humble/share/rmw_implementation_cmake/cmake)
-- Found rmw_fastrtps_cpp: 6.2.6 (/opt/ros/humble/share/rmw_fastrtps_cpp/cmake)
-- Found OpenSSL: /usr/lib/aarch64-linux-gnu/libcrypto.so (found version "3.0.2")  
-- Found FastRTPS: /opt/ros/humble/include  
-- Using RMW implementation 'rmw_fastrtps_cpp' as default
-- Looking for pthread.h
-- Looking for pthread.h - found
-- Performing Test CMAKE_HAVE_LIBC_PTHREAD
-- Performing Test CMAKE_HAVE_LIBC_PTHREAD - Success
-- Found Threads: TRUE  
-- Found sensor_msgs: 4.2.3 (/opt/ros/humble/share/sensor_msgs/cmake)
-- Found cv_bridge: 3.2.1 (/opt/ros/humble/share/cv_bridge/cmake)
-- Found OpenCV: /usr (found version "4.5.4") 
-- Found ament_lint_auto: 0.12.10 (/opt/ros/humble/share/ament_lint_auto/cmake)
-- Added test 'cppcheck' to perform static code analysis on C / C++ code
-- Configured cppcheck include dirs: $<BUILD_INTERFACE:/home/asdfr_cbl_08/ROS2-RELbot/src/cam_imag_pro/include/cam_imag_pro>
-- Configured cppcheck exclude dirs and/or files: 
-- Added test 'flake8' to check Python code syntax and style conventions
-- Added test 'lint_cmake' to check CMake code style
-- Added test 'pep257' to check Python code against some of the docstring style conventions in PEP 257
-- Added test 'uncrustify' to check C / C++ code style
-- Configured uncrustify additional arguments: 
-- Added test 'xmllint' to check XML markup files
-- Configuring done
-- Generating done
-- Build files have been written to: /home/asdfr_cbl_08/ROS2-RELbot/build/cam_imag_pro
[ 50%] [32mBuilding CXX object CMakeFiles/light_pos_indicator_node.dir/src/light_pos_indicator_node.cpp.o[0m
[100%] [32m[1mLinking CXX executable light_pos_indicator_node[0m
[100%] Built target light_pos_indicator_node
-- Install configuration: ""
-- Installing: /home/asdfr_cbl_08/ROS2-RELbot/install/cam_imag_pro/share/cam_imag_pro//launch
-- Installing: /home/asdfr_cbl_08/ROS2-RELbot/install/cam_imag_pro/share/cam_imag_pro//launch/light_pose.launch.py
-- Installing: /home/asdfr_cbl_08/ROS2-RELbot/install/cam_imag_pro/lib/cam_imag_pro/light_pos_indicator_node
-- Set runtime path of "/home/asdfr_cbl_08/ROS2-RELbot/install/cam_imag_pro/lib/cam_imag_pro/light_pos_indicator_node" to ""
-- Installing: /home/asdfr_cbl_08/ROS2-RELbot/install/cam_imag_pro/share/ament_index/resource_index/package_run_dependencies/cam_imag_pro
-- Installing: /home/asdfr_cbl_08/ROS2-RELbot/install/cam_imag_pro/share/ament_index/resource_index/parent_prefix_path/cam_imag_pro
-- Installing: /home/asdfr_cbl_08/ROS2-RELbot/install/cam_imag_pro/share/cam_imag_pro/environment/ament_prefix_path.sh
-- Installing: /home/asdfr_cbl_08/ROS2-RELbot/install/cam_imag_pro/share/cam_imag_pro/environment/ament_prefix_path.dsv
-- Installing: /home/asdfr_cbl_08/ROS2-RELbot/install/cam_imag_pro/share/cam_imag_pro/environment/path.sh
-- Installing: /home/asdfr_cbl_08/ROS2-RELbot/install/cam_imag_pro/share/cam_imag_pro/environment/path.dsv
-- Installing: /home/asdfr_cbl_08/ROS2-RELbot/install/cam_imag_pro/share/cam_imag_pro/local_setup.bash
-- Installing: /home/asdfr_cbl_08/ROS2-RELbot/install/cam_imag_pro/share/cam_imag_pro/local_setup.sh
-- Installing: /home/asdfr_cbl_08/ROS2-RELbot/install/cam_imag_pro/share/cam_imag_pro/local_setup.zsh
-- Installing: /home/asdfr_cbl_08/ROS2-RELbot/install/cam_imag_pro/share/cam_imag_pro/local_setup.dsv
-- Installing: /home/asdfr_cbl_08/ROS2-RELbot/install/cam_imag_pro/share/cam_imag_pro/package.dsv
-- Installing: /home/asdfr_cbl_08/ROS2-RELbot/install/cam_imag_pro/share/ament_index/resource_index/packages/cam_imag_pro
-- Installing: /home/asdfr_cbl_08/ROS2-RELbot/install/cam_imag_pro/share/cam_imag_pro/cmake/cam_imag_proConfig.cmake
-- Installing: /home/asdfr_cbl_08/ROS2-RELbot/install/cam_imag_pro/share/cam_imag_pro/cmake/cam_imag_proConfig-version.cmake
-- Installing: /home/asdfr_cbl_08/ROS2-RELbot/install/cam_imag_pro/share/cam_imag_pro/package.xml
