[0.768s] DEBUG:colcon:Command line arguments: ['/usr/bin/colcon', 'build']
[0.769s] DEBUG:colcon:Parsed command line arguments: Namespace(log_base=None, log_level=None, verb_name='build', build_base='build', install_base='install', merge_install=False, symlink_install=False, test_result_base=None, continue_on_error=False, executor='parallel', parallel_workers=3, event_handlers=None, ignore_user_meta=False, metas=['./colcon.meta'], base_paths=['.'], packages_ignore=None, packages_ignore_regex=None, paths=None, packages_up_to=None, packages_up_to_regex=None, packages_above=None, packages_above_and_dependencies=None, packages_above_depth=None, packages_select_by_dep=None, packages_skip_by_dep=None, packages_skip_up_to=None, packages_select_build_failed=False, packages_skip_build_finished=False, packages_select_test_failures=False, packages_skip_test_passed=False, packages_select=None, packages_skip=None, packages_select_regex=None, packages_skip_regex=None, packages_start=None, packages_end=None, allow_overriding=[], cmake_args=None, cmake_target=None, cmake_target_skip_unavailable=False, cmake_clean_cache=False, cmake_clean_first=False, cmake_force_configure=False, ament_cmake_args=None, catkin_cmake_args=None, catkin_skip_building_tests=False, verb_parser=<colcon_defaults.argument_parser.defaults.DefaultArgumentsDecorator object at 0xffffb6ed0790>, verb_extension=<colcon_core.verb.build.BuildVerb object at 0xffffb7122050>, main=<bound method BuildVerb.main of <colcon_core.verb.build.BuildVerb object at 0xffffb7122050>>)
[1.627s] Level 1:colcon.colcon_core.package_discovery:discover_packages(colcon_meta) check parameters
[1.627s] Level 1:colcon.colcon_core.package_discovery:discover_packages(recursive) check parameters
[1.628s] Level 1:colcon.colcon_core.package_discovery:discover_packages(ignore) check parameters
[1.628s] Level 1:colcon.colcon_core.package_discovery:discover_packages(path) check parameters
[1.628s] Level 1:colcon.colcon_core.package_discovery:discover_packages(colcon_meta) discover
[1.628s] Level 1:colcon.colcon_core.package_discovery:discover_packages(recursive) discover
[1.629s] INFO:colcon.colcon_core.package_discovery:Crawling recursively for packages in '/home/asdfr_cbl_08/ROS2-RELbot'
[1.629s] Level 1:colcon.colcon_core.package_identification:_identify(.) by extensions ['ignore', 'ignore_ament_install']
[1.630s] Level 1:colcon.colcon_core.package_identification:_identify(.) by extension 'ignore'
[1.630s] Level 1:colcon.colcon_core.package_identification:_identify(.) by extension 'ignore_ament_install'
[1.631s] Level 1:colcon.colcon_core.package_identification:_identify(.) by extensions ['colcon_pkg']
[1.631s] Level 1:colcon.colcon_core.package_identification:_identify(.) by extension 'colcon_pkg'
[1.631s] Level 1:colcon.colcon_core.package_identification:_identify(.) by extensions ['colcon_meta']
[1.631s] Level 1:colcon.colcon_core.package_identification:_identify(.) by extension 'colcon_meta'
[1.632s] Level 1:colcon.colcon_core.package_identification:_identify(.) by extensions ['ros']
[1.632s] Level 1:colcon.colcon_core.package_identification:_identify(.) by extension 'ros'
[1.689s] Level 1:colcon.colcon_core.package_identification:_identify(.) by extensions ['cmake', 'python']
[1.689s] Level 1:colcon.colcon_core.package_identification:_identify(.) by extension 'cmake'
[1.689s] Level 1:colcon.colcon_core.package_identification:_identify(.) by extension 'python'
[1.690s] Level 1:colcon.colcon_core.package_identification:_identify(.) by extensions ['python_setup_py']
[1.690s] Level 1:colcon.colcon_core.package_identification:_identify(.) by extension 'python_setup_py'
[1.691s] Level 1:colcon.colcon_core.package_identification:_identify(build) by extensions ['ignore', 'ignore_ament_install']
[1.691s] Level 1:colcon.colcon_core.package_identification:_identify(build) by extension 'ignore'
[1.692s] Level 1:colcon.colcon_core.package_identification:_identify(build) ignored
[1.692s] Level 1:colcon.colcon_core.package_identification:_identify(install) by extensions ['ignore', 'ignore_ament_install']
[1.693s] Level 1:colcon.colcon_core.package_identification:_identify(install) by extension 'ignore'
[1.693s] Level 1:colcon.colcon_core.package_identification:_identify(install) ignored
[1.694s] Level 1:colcon.colcon_core.package_identification:_identify(log) by extensions ['ignore', 'ignore_ament_install']
[1.694s] Level 1:colcon.colcon_core.package_identification:_identify(log) by extension 'ignore'
[1.695s] Level 1:colcon.colcon_core.package_identification:_identify(log) ignored
[1.695s] Level 1:colcon.colcon_core.package_identification:_identify(src) by extensions ['ignore', 'ignore_ament_install']
[1.696s] Level 1:colcon.colcon_core.package_identification:_identify(src) by extension 'ignore'
[1.696s] Level 1:colcon.colcon_core.package_identification:_identify(src) by extension 'ignore_ament_install'
[1.696s] Level 1:colcon.colcon_core.package_identification:_identify(src) by extensions ['colcon_pkg']
[1.697s] Level 1:colcon.colcon_core.package_identification:_identify(src) by extension 'colcon_pkg'
[1.697s] Level 1:colcon.colcon_core.package_identification:_identify(src) by extensions ['colcon_meta']
[1.697s] Level 1:colcon.colcon_core.package_identification:_identify(src) by extension 'colcon_meta'
[1.698s] Level 1:colcon.colcon_core.package_identification:_identify(src) by extensions ['ros']
[1.698s] Level 1:colcon.colcon_core.package_identification:_identify(src) by extension 'ros'
[1.698s] Level 1:colcon.colcon_core.package_identification:_identify(src) by extensions ['cmake', 'python']
[1.699s] Level 1:colcon.colcon_core.package_identification:_identify(src) by extension 'cmake'
[1.699s] Level 1:colcon.colcon_core.package_identification:_identify(src) by extension 'python'
[1.699s] Level 1:colcon.colcon_core.package_identification:_identify(src) by extensions ['python_setup_py']
[1.700s] Level 1:colcon.colcon_core.package_identification:_identify(src) by extension 'python_setup_py'
[1.700s] Level 1:colcon.colcon_core.package_identification:_identify(src/cam_imag_pro) by extensions ['ignore', 'ignore_ament_install']
[1.701s] Level 1:colcon.colcon_core.package_identification:_identify(src/cam_imag_pro) by extension 'ignore'
[1.701s] Level 1:colcon.colcon_core.package_identification:_identify(src/cam_imag_pro) by extension 'ignore_ament_install'
[1.702s] Level 1:colcon.colcon_core.package_identification:_identify(src/cam_imag_pro) by extensions ['colcon_pkg']
[1.702s] Level 1:colcon.colcon_core.package_identification:_identify(src/cam_imag_pro) by extension 'colcon_pkg'
[1.702s] Level 1:colcon.colcon_core.package_identification:_identify(src/cam_imag_pro) by extensions ['colcon_meta']
[1.703s] Level 1:colcon.colcon_core.package_identification:_identify(src/cam_imag_pro) by extension 'colcon_meta'
[1.703s] Level 1:colcon.colcon_core.package_identification:_identify(src/cam_imag_pro) by extensions ['ros']
[1.703s] Level 1:colcon.colcon_core.package_identification:_identify(src/cam_imag_pro) by extension 'ros'
[1.716s] DEBUG:colcon.colcon_core.package_identification:Package 'src/cam_imag_pro' with type 'ros.ament_cmake' and name 'cam_imag_pro'
[1.716s] Level 1:colcon.colcon_core.package_identification:_identify(src/setpoints_publisher) by extensions ['ignore', 'ignore_ament_install']
[1.717s] Level 1:colcon.colcon_core.package_identification:_identify(src/setpoints_publisher) by extension 'ignore'
[1.717s] Level 1:colcon.colcon_core.package_identification:_identify(src/setpoints_publisher) by extension 'ignore_ament_install'
[1.718s] Level 1:colcon.colcon_core.package_identification:_identify(src/setpoints_publisher) by extensions ['colcon_pkg']
[1.718s] Level 1:colcon.colcon_core.package_identification:_identify(src/setpoints_publisher) by extension 'colcon_pkg'
[1.719s] Level 1:colcon.colcon_core.package_identification:_identify(src/setpoints_publisher) by extensions ['colcon_meta']
[1.719s] Level 1:colcon.colcon_core.package_identification:_identify(src/setpoints_publisher) by extension 'colcon_meta'
[1.719s] Level 1:colcon.colcon_core.package_identification:_identify(src/setpoints_publisher) by extensions ['ros']
[1.719s] Level 1:colcon.colcon_core.package_identification:_identify(src/setpoints_publisher) by extension 'ros'
[1.722s] DEBUG:colcon.colcon_core.package_identification:Package 'src/setpoints_publisher' with type 'ros.ament_cmake' and name 'setpoints_publisher'
[1.723s] Level 1:colcon.colcon_core.package_discovery:discover_packages(recursive) using defaults
[1.723s] Level 1:colcon.colcon_core.package_discovery:discover_packages(ignore) discover
[1.723s] Level 1:colcon.colcon_core.package_discovery:discover_packages(ignore) using defaults
[1.724s] Level 1:colcon.colcon_core.package_discovery:discover_packages(path) discover
[1.724s] Level 1:colcon.colcon_core.package_discovery:discover_packages(path) using defaults
[1.844s] Level 1:colcon.colcon_core.package_discovery:discover_packages(prefix_path) check parameters
[1.845s] Level 1:colcon.colcon_core.package_discovery:discover_packages(prefix_path) discover
[1.863s] DEBUG:colcon.colcon_installed_package_information.package_discovery:Found 270 installed packages in /opt/ros/humble
[1.916s] Level 1:colcon.colcon_core.package_discovery:discover_packages(prefix_path) using defaults
[2.085s] Level 5:colcon.colcon_core.verb:set package 'cam_imag_pro' build argument 'cmake_args' from command line to 'None'
[2.085s] Level 5:colcon.colcon_core.verb:set package 'cam_imag_pro' build argument 'cmake_target' from command line to 'None'
[2.085s] Level 5:colcon.colcon_core.verb:set package 'cam_imag_pro' build argument 'cmake_target_skip_unavailable' from command line to 'False'
[2.086s] Level 5:colcon.colcon_core.verb:set package 'cam_imag_pro' build argument 'cmake_clean_cache' from command line to 'False'
[2.086s] Level 5:colcon.colcon_core.verb:set package 'cam_imag_pro' build argument 'cmake_clean_first' from command line to 'False'
[2.086s] Level 5:colcon.colcon_core.verb:set package 'cam_imag_pro' build argument 'cmake_force_configure' from command line to 'False'
[2.086s] Level 5:colcon.colcon_core.verb:set package 'cam_imag_pro' build argument 'ament_cmake_args' from command line to 'None'
[2.086s] Level 5:colcon.colcon_core.verb:set package 'cam_imag_pro' build argument 'catkin_cmake_args' from command line to 'None'
[2.087s] Level 5:colcon.colcon_core.verb:set package 'cam_imag_pro' build argument 'catkin_skip_building_tests' from command line to 'False'
[2.087s] DEBUG:colcon.colcon_core.verb:Building package 'cam_imag_pro' with the following arguments: {'ament_cmake_args': None, 'build_base': '/home/asdfr_cbl_08/ROS2-RELbot/build/cam_imag_pro', 'catkin_cmake_args': None, 'catkin_skip_building_tests': False, 'cmake_args': None, 'cmake_clean_cache': False, 'cmake_clean_first': False, 'cmake_force_configure': False, 'cmake_target': None, 'cmake_target_skip_unavailable': False, 'install_base': '/home/asdfr_cbl_08/ROS2-RELbot/install/cam_imag_pro', 'merge_install': False, 'path': '/home/asdfr_cbl_08/ROS2-RELbot/src/cam_imag_pro', 'symlink_install': False, 'test_result_base': None}
[2.089s] Level 5:colcon.colcon_core.verb:set package 'setpoints_publisher' build argument 'cmake_args' from command line to 'None'
[2.089s] Level 5:colcon.colcon_core.verb:set package 'setpoints_publisher' build argument 'cmake_target' from command line to 'None'
[2.089s] Level 5:colcon.colcon_core.verb:set package 'setpoints_publisher' build argument 'cmake_target_skip_unavailable' from command line to 'False'
[2.089s] Level 5:colcon.colcon_core.verb:set package 'setpoints_publisher' build argument 'cmake_clean_cache' from command line to 'False'
[2.090s] Level 5:colcon.colcon_core.verb:set package 'setpoints_publisher' build argument 'cmake_clean_first' from command line to 'False'
[2.090s] Level 5:colcon.colcon_core.verb:set package 'setpoints_publisher' build argument 'cmake_force_configure' from command line to 'False'
[2.090s] Level 5:colcon.colcon_core.verb:set package 'setpoints_publisher' build argument 'ament_cmake_args' from command line to 'None'
[2.090s] Level 5:colcon.colcon_core.verb:set package 'setpoints_publisher' build argument 'catkin_cmake_args' from command line to 'None'
[2.090s] Level 5:colcon.colcon_core.verb:set package 'setpoints_publisher' build argument 'catkin_skip_building_tests' from command line to 'False'
[2.091s] DEBUG:colcon.colcon_core.verb:Building package 'setpoints_publisher' with the following arguments: {'ament_cmake_args': None, 'build_base': '/home/asdfr_cbl_08/ROS2-RELbot/build/setpoints_publisher', 'catkin_cmake_args': None, 'catkin_skip_building_tests': False, 'cmake_args': None, 'cmake_clean_cache': False, 'cmake_clean_first': False, 'cmake_force_configure': False, 'cmake_target': None, 'cmake_target_skip_unavailable': False, 'install_base': '/home/asdfr_cbl_08/ROS2-RELbot/install/setpoints_publisher', 'merge_install': False, 'path': '/home/asdfr_cbl_08/ROS2-RELbot/src/setpoints_publisher', 'symlink_install': False, 'test_result_base': None}
[2.092s] INFO:colcon.colcon_core.executor:Executing jobs using 'parallel' executor
[2.095s] DEBUG:colcon.colcon_parallel_executor.executor.parallel:run_until_complete
[2.095s] INFO:colcon.colcon_ros.task.ament_cmake.build:Building ROS package in '/home/asdfr_cbl_08/ROS2-RELbot/src/cam_imag_pro' with build type 'ament_cmake'
[2.096s] INFO:colcon.colcon_cmake.task.cmake.build:Building CMake package in '/home/asdfr_cbl_08/ROS2-RELbot/src/cam_imag_pro'
[2.110s] INFO:colcon.colcon_core.plugin_system:Skipping extension 'colcon_core.shell.bat': Not used on non-Windows systems
[2.111s] INFO:colcon.colcon_core.shell:Skip shell extension 'powershell' for command environment: Not usable outside of PowerShell
[2.111s] DEBUG:colcon.colcon_core.shell:Skip shell extension 'dsv' for command environment
[2.121s] INFO:colcon.colcon_ros.task.ament_cmake.build:Building ROS package in '/home/asdfr_cbl_08/ROS2-RELbot/src/setpoints_publisher' with build type 'ament_cmake'
[2.122s] INFO:colcon.colcon_cmake.task.cmake.build:Building CMake package in '/home/asdfr_cbl_08/ROS2-RELbot/src/setpoints_publisher'
[2.123s] INFO:colcon.colcon_core.shell:Skip shell extension 'powershell' for command environment: Not usable outside of PowerShell
[2.124s] DEBUG:colcon.colcon_core.shell:Skip shell extension 'dsv' for command environment
[2.149s] DEBUG:colcon.colcon_core.event_handler.log_command:Invoking command in '/home/asdfr_cbl_08/ROS2-RELbot/build/cam_imag_pro': CMAKE_PREFIX_PATH=/opt/ros/humble /usr/bin/cmake /home/asdfr_cbl_08/ROS2-RELbot/src/cam_imag_pro -DCMAKE_INSTALL_PREFIX=/home/asdfr_cbl_08/ROS2-RELbot/install/cam_imag_pro
[2.159s] DEBUG:colcon.colcon_core.event_handler.log_command:Invoking command in '/home/asdfr_cbl_08/ROS2-RELbot/build/setpoints_publisher': CMAKE_PREFIX_PATH=/opt/ros/humble /usr/bin/cmake /home/asdfr_cbl_08/ROS2-RELbot/src/setpoints_publisher -DCMAKE_INSTALL_PREFIX=/home/asdfr_cbl_08/ROS2-RELbot/install/setpoints_publisher
[9.034s] DEBUG:colcon.colcon_core.event_handler.log_command:Invoked command in '/home/asdfr_cbl_08/ROS2-RELbot/build/setpoints_publisher' returned '0': CMAKE_PREFIX_PATH=/opt/ros/humble /usr/bin/cmake /home/asdfr_cbl_08/ROS2-RELbot/src/setpoints_publisher -DCMAKE_INSTALL_PREFIX=/home/asdfr_cbl_08/ROS2-RELbot/install/setpoints_publisher
[9.038s] DEBUG:colcon.colcon_core.event_handler.log_command:Invoking command in '/home/asdfr_cbl_08/ROS2-RELbot/build/setpoints_publisher': CMAKE_PREFIX_PATH=/opt/ros/humble /usr/bin/cmake --build /home/asdfr_cbl_08/ROS2-RELbot/build/setpoints_publisher -- -j3 -l3
[9.456s] DEBUG:colcon.colcon_core.event_handler.log_command:Invoked command in '/home/asdfr_cbl_08/ROS2-RELbot/build/cam_imag_pro' returned '0': CMAKE_PREFIX_PATH=/opt/ros/humble /usr/bin/cmake /home/asdfr_cbl_08/ROS2-RELbot/src/cam_imag_pro -DCMAKE_INSTALL_PREFIX=/home/asdfr_cbl_08/ROS2-RELbot/install/cam_imag_pro
[9.462s] DEBUG:colcon.colcon_core.event_handler.log_command:Invoking command in '/home/asdfr_cbl_08/ROS2-RELbot/build/cam_imag_pro': CMAKE_PREFIX_PATH=/opt/ros/humble /usr/bin/cmake --build /home/asdfr_cbl_08/ROS2-RELbot/build/cam_imag_pro -- -j3 -l3
[49.079s] DEBUG:colcon.colcon_core.event_handler.log_command:Invoked command in '/home/asdfr_cbl_08/ROS2-RELbot/build/setpoints_publisher' returned '0': CMAKE_PREFIX_PATH=/opt/ros/humble /usr/bin/cmake --build /home/asdfr_cbl_08/ROS2-RELbot/build/setpoints_publisher -- -j3 -l3
[49.167s] DEBUG:colcon.colcon_core.event_handler.log_command:Invoking command in '/home/asdfr_cbl_08/ROS2-RELbot/build/setpoints_publisher': CMAKE_PREFIX_PATH=/opt/ros/humble /usr/bin/cmake --install /home/asdfr_cbl_08/ROS2-RELbot/build/setpoints_publisher
[49.507s] Level 1:colcon.colcon_core.environment:create_environment_scripts_only(setpoints_publisher)
[49.509s] DEBUG:colcon.colcon_core.event_handler.log_command:Invoked command in '/home/asdfr_cbl_08/ROS2-RELbot/build/setpoints_publisher' returned '0': CMAKE_PREFIX_PATH=/opt/ros/humble /usr/bin/cmake --install /home/asdfr_cbl_08/ROS2-RELbot/build/setpoints_publisher
[49.536s] Level 1:colcon.colcon_core.environment:checking '/home/asdfr_cbl_08/ROS2-RELbot/install/setpoints_publisher' for CMake module files
[49.538s] Level 1:colcon.colcon_core.environment:checking '/home/asdfr_cbl_08/ROS2-RELbot/install/setpoints_publisher' for CMake config files
[49.540s] Level 1:colcon.colcon_core.shell:create_environment_hook('setpoints_publisher', 'cmake_prefix_path')
[49.541s] INFO:colcon.colcon_core.shell:Creating environment hook '/home/asdfr_cbl_08/ROS2-RELbot/install/setpoints_publisher/share/setpoints_publisher/hook/cmake_prefix_path.ps1'
[49.546s] INFO:colcon.colcon_core.shell:Creating environment descriptor '/home/asdfr_cbl_08/ROS2-RELbot/install/setpoints_publisher/share/setpoints_publisher/hook/cmake_prefix_path.dsv'
[49.550s] INFO:colcon.colcon_core.shell:Creating environment hook '/home/asdfr_cbl_08/ROS2-RELbot/install/setpoints_publisher/share/setpoints_publisher/hook/cmake_prefix_path.sh'
[49.555s] Level 1:colcon.colcon_core.environment:checking '/home/asdfr_cbl_08/ROS2-RELbot/install/setpoints_publisher/lib'
[49.557s] Level 1:colcon.colcon_core.environment:checking '/home/asdfr_cbl_08/ROS2-RELbot/install/setpoints_publisher/bin'
[49.557s] Level 1:colcon.colcon_core.environment:checking '/home/asdfr_cbl_08/ROS2-RELbot/install/setpoints_publisher/lib/pkgconfig/setpoints_publisher.pc'
[49.559s] Level 1:colcon.colcon_core.environment:checking '/home/asdfr_cbl_08/ROS2-RELbot/install/setpoints_publisher/lib/python3.10/site-packages'
[49.560s] Level 1:colcon.colcon_core.environment:checking '/home/asdfr_cbl_08/ROS2-RELbot/install/setpoints_publisher/bin'
[49.562s] INFO:colcon.colcon_core.shell:Creating package script '/home/asdfr_cbl_08/ROS2-RELbot/install/setpoints_publisher/share/setpoints_publisher/package.ps1'
[49.566s] INFO:colcon.colcon_core.shell:Creating package descriptor '/home/asdfr_cbl_08/ROS2-RELbot/install/setpoints_publisher/share/setpoints_publisher/package.dsv'
[49.570s] INFO:colcon.colcon_core.shell:Creating package script '/home/asdfr_cbl_08/ROS2-RELbot/install/setpoints_publisher/share/setpoints_publisher/package.sh'
[49.576s] INFO:colcon.colcon_core.shell:Creating package script '/home/asdfr_cbl_08/ROS2-RELbot/install/setpoints_publisher/share/setpoints_publisher/package.bash'
[49.582s] INFO:colcon.colcon_core.shell:Creating package script '/home/asdfr_cbl_08/ROS2-RELbot/install/setpoints_publisher/share/setpoints_publisher/package.zsh'
[49.586s] Level 1:colcon.colcon_core.environment:create_file_with_runtime_dependencies(/home/asdfr_cbl_08/ROS2-RELbot/install/setpoints_publisher/share/colcon-core/packages/setpoints_publisher)
[49.657s] Level 1:colcon.colcon_core.environment:create_environment_scripts_only(setpoints_publisher)
[49.658s] Level 1:colcon.colcon_core.environment:checking '/home/asdfr_cbl_08/ROS2-RELbot/install/setpoints_publisher' for CMake module files
[49.661s] Level 1:colcon.colcon_core.environment:checking '/home/asdfr_cbl_08/ROS2-RELbot/install/setpoints_publisher' for CMake config files
[49.663s] Level 1:colcon.colcon_core.shell:create_environment_hook('setpoints_publisher', 'cmake_prefix_path')
[49.664s] INFO:colcon.colcon_core.shell:Creating environment hook '/home/asdfr_cbl_08/ROS2-RELbot/install/setpoints_publisher/share/setpoints_publisher/hook/cmake_prefix_path.ps1'
[49.667s] INFO:colcon.colcon_core.shell:Creating environment descriptor '/home/asdfr_cbl_08/ROS2-RELbot/install/setpoints_publisher/share/setpoints_publisher/hook/cmake_prefix_path.dsv'
[49.669s] INFO:colcon.colcon_core.shell:Creating environment hook '/home/asdfr_cbl_08/ROS2-RELbot/install/setpoints_publisher/share/setpoints_publisher/hook/cmake_prefix_path.sh'
[49.674s] Level 1:colcon.colcon_core.environment:checking '/home/asdfr_cbl_08/ROS2-RELbot/install/setpoints_publisher/lib'
[49.674s] Level 1:colcon.colcon_core.environment:checking '/home/asdfr_cbl_08/ROS2-RELbot/install/setpoints_publisher/bin'
[49.675s] Level 1:colcon.colcon_core.environment:checking '/home/asdfr_cbl_08/ROS2-RELbot/install/setpoints_publisher/lib/pkgconfig/setpoints_publisher.pc'
[49.676s] Level 1:colcon.colcon_core.environment:checking '/home/asdfr_cbl_08/ROS2-RELbot/install/setpoints_publisher/lib/python3.10/site-packages'
[49.678s] Level 1:colcon.colcon_core.environment:checking '/home/asdfr_cbl_08/ROS2-RELbot/install/setpoints_publisher/bin'
[49.679s] INFO:colcon.colcon_core.shell:Creating package script '/home/asdfr_cbl_08/ROS2-RELbot/install/setpoints_publisher/share/setpoints_publisher/package.ps1'
[49.682s] INFO:colcon.colcon_core.shell:Creating package descriptor '/home/asdfr_cbl_08/ROS2-RELbot/install/setpoints_publisher/share/setpoints_publisher/package.dsv'
[49.685s] INFO:colcon.colcon_core.shell:Creating package script '/home/asdfr_cbl_08/ROS2-RELbot/install/setpoints_publisher/share/setpoints_publisher/package.sh'
[49.688s] INFO:colcon.colcon_core.shell:Creating package script '/home/asdfr_cbl_08/ROS2-RELbot/install/setpoints_publisher/share/setpoints_publisher/package.bash'
[49.691s] INFO:colcon.colcon_core.shell:Creating package script '/home/asdfr_cbl_08/ROS2-RELbot/install/setpoints_publisher/share/setpoints_publisher/package.zsh'
[49.694s] Level 1:colcon.colcon_core.environment:create_file_with_runtime_dependencies(/home/asdfr_cbl_08/ROS2-RELbot/install/setpoints_publisher/share/colcon-core/packages/setpoints_publisher)
[58.303s] DEBUG:colcon.colcon_core.event_handler.log_command:Invoked command in '/home/asdfr_cbl_08/ROS2-RELbot/build/cam_imag_pro' returned '0': CMAKE_PREFIX_PATH=/opt/ros/humble /usr/bin/cmake --build /home/asdfr_cbl_08/ROS2-RELbot/build/cam_imag_pro -- -j3 -l3
[58.372s] DEBUG:colcon.colcon_core.event_handler.log_command:Invoking command in '/home/asdfr_cbl_08/ROS2-RELbot/build/cam_imag_pro': CMAKE_PREFIX_PATH=/opt/ros/humble /usr/bin/cmake --install /home/asdfr_cbl_08/ROS2-RELbot/build/cam_imag_pro
[58.567s] Level 1:colcon.colcon_core.environment:create_environment_scripts_only(cam_imag_pro)
[58.569s] Level 1:colcon.colcon_core.environment:checking '/home/asdfr_cbl_08/ROS2-RELbot/install/cam_imag_pro' for CMake module files
[58.572s] DEBUG:colcon.colcon_core.event_handler.log_command:Invoked command in '/home/asdfr_cbl_08/ROS2-RELbot/build/cam_imag_pro' returned '0': CMAKE_PREFIX_PATH=/opt/ros/humble /usr/bin/cmake --install /home/asdfr_cbl_08/ROS2-RELbot/build/cam_imag_pro
[58.574s] Level 1:colcon.colcon_core.environment:checking '/home/asdfr_cbl_08/ROS2-RELbot/install/cam_imag_pro' for CMake config files
[58.577s] Level 1:colcon.colcon_core.shell:create_environment_hook('cam_imag_pro', 'cmake_prefix_path')
[58.578s] INFO:colcon.colcon_core.shell:Creating environment hook '/home/asdfr_cbl_08/ROS2-RELbot/install/cam_imag_pro/share/cam_imag_pro/hook/cmake_prefix_path.ps1'
[58.582s] INFO:colcon.colcon_core.shell:Creating environment descriptor '/home/asdfr_cbl_08/ROS2-RELbot/install/cam_imag_pro/share/cam_imag_pro/hook/cmake_prefix_path.dsv'
[58.585s] INFO:colcon.colcon_core.shell:Creating environment hook '/home/asdfr_cbl_08/ROS2-RELbot/install/cam_imag_pro/share/cam_imag_pro/hook/cmake_prefix_path.sh'
[58.589s] Level 1:colcon.colcon_core.environment:checking '/home/asdfr_cbl_08/ROS2-RELbot/install/cam_imag_pro/lib'
[58.590s] Level 1:colcon.colcon_core.environment:checking '/home/asdfr_cbl_08/ROS2-RELbot/install/cam_imag_pro/bin'
[58.591s] Level 1:colcon.colcon_core.environment:checking '/home/asdfr_cbl_08/ROS2-RELbot/install/cam_imag_pro/lib/pkgconfig/cam_imag_pro.pc'
[58.594s] Level 1:colcon.colcon_core.environment:checking '/home/asdfr_cbl_08/ROS2-RELbot/install/cam_imag_pro/lib/python3.10/site-packages'
[58.597s] Level 1:colcon.colcon_core.environment:checking '/home/asdfr_cbl_08/ROS2-RELbot/install/cam_imag_pro/bin'
[58.600s] INFO:colcon.colcon_core.shell:Creating package script '/home/asdfr_cbl_08/ROS2-RELbot/install/cam_imag_pro/share/cam_imag_pro/package.ps1'
[58.604s] INFO:colcon.colcon_core.shell:Creating package descriptor '/home/asdfr_cbl_08/ROS2-RELbot/install/cam_imag_pro/share/cam_imag_pro/package.dsv'
[58.609s] INFO:colcon.colcon_core.shell:Creating package script '/home/asdfr_cbl_08/ROS2-RELbot/install/cam_imag_pro/share/cam_imag_pro/package.sh'
[58.612s] INFO:colcon.colcon_core.shell:Creating package script '/home/asdfr_cbl_08/ROS2-RELbot/install/cam_imag_pro/share/cam_imag_pro/package.bash'
[58.616s] INFO:colcon.colcon_core.shell:Creating package script '/home/asdfr_cbl_08/ROS2-RELbot/install/cam_imag_pro/share/cam_imag_pro/package.zsh'
[58.619s] Level 1:colcon.colcon_core.environment:create_file_with_runtime_dependencies(/home/asdfr_cbl_08/ROS2-RELbot/install/cam_imag_pro/share/colcon-core/packages/cam_imag_pro)
[58.683s] Level 1:colcon.colcon_core.environment:create_environment_scripts_only(cam_imag_pro)
[58.685s] Level 1:colcon.colcon_core.environment:checking '/home/asdfr_cbl_08/ROS2-RELbot/install/cam_imag_pro' for CMake module files
[58.689s] Level 1:colcon.colcon_core.environment:checking '/home/asdfr_cbl_08/ROS2-RELbot/install/cam_imag_pro' for CMake config files
[58.694s] Level 1:colcon.colcon_core.shell:create_environment_hook('cam_imag_pro', 'cmake_prefix_path')
[58.697s] INFO:colcon.colcon_core.shell:Creating environment hook '/home/asdfr_cbl_08/ROS2-RELbot/install/cam_imag_pro/share/cam_imag_pro/hook/cmake_prefix_path.ps1'
[58.701s] INFO:colcon.colcon_core.shell:Creating environment descriptor '/home/asdfr_cbl_08/ROS2-RELbot/install/cam_imag_pro/share/cam_imag_pro/hook/cmake_prefix_path.dsv'
[58.705s] INFO:colcon.colcon_core.shell:Creating environment hook '/home/asdfr_cbl_08/ROS2-RELbot/install/cam_imag_pro/share/cam_imag_pro/hook/cmake_prefix_path.sh'
[58.709s] Level 1:colcon.colcon_core.environment:checking '/home/asdfr_cbl_08/ROS2-RELbot/install/cam_imag_pro/lib'
[58.710s] Level 1:colcon.colcon_core.environment:checking '/home/asdfr_cbl_08/ROS2-RELbot/install/cam_imag_pro/bin'
[58.711s] Level 1:colcon.colcon_core.environment:checking '/home/asdfr_cbl_08/ROS2-RELbot/install/cam_imag_pro/lib/pkgconfig/cam_imag_pro.pc'
[58.712s] Level 1:colcon.colcon_core.environment:checking '/home/asdfr_cbl_08/ROS2-RELbot/install/cam_imag_pro/lib/python3.10/site-packages'
[58.714s] Level 1:colcon.colcon_core.environment:checking '/home/asdfr_cbl_08/ROS2-RELbot/install/cam_imag_pro/bin'
[58.716s] INFO:colcon.colcon_core.shell:Creating package script '/home/asdfr_cbl_08/ROS2-RELbot/install/cam_imag_pro/share/cam_imag_pro/package.ps1'
[58.720s] INFO:colcon.colcon_core.shell:Creating package descriptor '/home/asdfr_cbl_08/ROS2-RELbot/install/cam_imag_pro/share/cam_imag_pro/package.dsv'
[58.724s] INFO:colcon.colcon_core.shell:Creating package script '/home/asdfr_cbl_08/ROS2-RELbot/install/cam_imag_pro/share/cam_imag_pro/package.sh'
[58.727s] INFO:colcon.colcon_core.shell:Creating package script '/home/asdfr_cbl_08/ROS2-RELbot/install/cam_imag_pro/share/cam_imag_pro/package.bash'
[58.730s] INFO:colcon.colcon_core.shell:Creating package script '/home/asdfr_cbl_08/ROS2-RELbot/install/cam_imag_pro/share/cam_imag_pro/package.zsh'
[58.733s] Level 1:colcon.colcon_core.environment:create_file_with_runtime_dependencies(/home/asdfr_cbl_08/ROS2-RELbot/install/cam_imag_pro/share/colcon-core/packages/cam_imag_pro)
[58.735s] DEBUG:colcon.colcon_parallel_executor.executor.parallel:closing loop
[58.736s] DEBUG:colcon.colcon_parallel_executor.executor.parallel:loop closed
[58.736s] DEBUG:colcon.colcon_parallel_executor.executor.parallel:run_until_complete finished with '0'
[58.737s] DEBUG:colcon.colcon_core.event_reactor:joining thread
[58.771s] INFO:colcon.colcon_core.plugin_system:Skipping extension 'colcon_notification.desktop_notification.notify_send': Could not find 'notify-send'
[58.773s] INFO:colcon.colcon_core.plugin_system:Skipping extension 'colcon_notification.desktop_notification.terminal_notifier': Not used on non-Darwin systems
[58.774s] INFO:colcon.colcon_core.plugin_system:Skipping extension 'colcon_notification.desktop_notification.win32': Not used on non-Windows systems
[58.774s] INFO:colcon.colcon_notification.desktop_notification:Sending desktop notification using 'notify2'
[58.882s] DEBUG:colcon.colcon_notification.desktop_notification.notify2:Failed to initialize notify2: org.freedesktop.DBus.Error.ServiceUnknown: The name org.freedesktop.Notifications was not provided by any .service files
[58.882s] DEBUG:colcon.colcon_core.event_reactor:joined thread
[58.884s] INFO:colcon.colcon_core.shell:Creating prefix script '/home/asdfr_cbl_08/ROS2-RELbot/install/local_setup.ps1'
[58.891s] INFO:colcon.colcon_core.shell:Creating prefix util module '/home/asdfr_cbl_08/ROS2-RELbot/install/_local_setup_util_ps1.py'
[58.906s] INFO:colcon.colcon_core.shell:Creating prefix chain script '/home/asdfr_cbl_08/ROS2-RELbot/install/setup.ps1'
[58.915s] INFO:colcon.colcon_core.shell:Creating prefix script '/home/asdfr_cbl_08/ROS2-RELbot/install/local_setup.sh'
[58.922s] INFO:colcon.colcon_core.shell:Creating prefix util module '/home/asdfr_cbl_08/ROS2-RELbot/install/_local_setup_util_sh.py'
[58.929s] INFO:colcon.colcon_core.shell:Creating prefix chain script '/home/asdfr_cbl_08/ROS2-RELbot/install/setup.sh'
[58.938s] INFO:colcon.colcon_core.shell:Creating prefix script '/home/asdfr_cbl_08/ROS2-RELbot/install/local_setup.bash'
[58.943s] INFO:colcon.colcon_core.shell:Creating prefix chain script '/home/asdfr_cbl_08/ROS2-RELbot/install/setup.bash'
[58.952s] INFO:colcon.colcon_core.shell:Creating prefix script '/home/asdfr_cbl_08/ROS2-RELbot/install/local_setup.zsh'
[58.958s] INFO:colcon.colcon_core.shell:Creating prefix chain script '/home/asdfr_cbl_08/ROS2-RELbot/install/setup.zsh'
