[0.061s] Invoking command in '/home/asdfr_cbl_08/ROS2-RELbot/build/setpoints_publisher': /usr/bin/cmake --build /home/asdfr_cbl_08/ROS2-RELbot/build/setpoints_publisher -- -j3 -l3
[0.137s] -- Found ament_cmake: 1.3.8 (/opt/ros/humble/share/ament_cmake/cmake)
[0.788s] -- Found rclcpp: 16.0.8 (/opt/ros/humble/share/rclcpp/cmake)
[0.904s] -- Found rosidl_generator_c: 3.1.5 (/opt/ros/humble/share/rosidl_generator_c/cmake)
[0.913s] -- Found rosidl_adapter: 3.1.5 (/opt/ros/humble/share/rosidl_adapter/cmake)
[0.939s] -- Found rosidl_generator_cpp: 3.1.5 (/opt/ros/humble/share/rosidl_generator_cpp/cmake)
[0.983s] -- Using all available rosidl_typesupport_c: rosidl_typesupport_fastrtps_c;rosidl_typesupport_introspection_c
[1.046s] -- Using all available rosidl_typesupport_cpp: rosidl_typesupport_fastrtps_cpp;rosidl_typesupport_introspection_cpp
[1.279s] -- Found rmw_implementation_cmake: 6.1.1 (/opt/ros/humble/share/rmw_implementation_cmake/cmake)
[1.283s] -- Found rmw_fastrtps_cpp: 6.2.6 (/opt/ros/humble/share/rmw_fastrtps_cpp/cmake)
[1.671s] -- Using RMW implementation 'rmw_fastrtps_cpp' as default
[2.426s] -- Found geometry_msgs: 4.2.3 (/opt/ros/humble/share/geometry_msgs/cmake)
[2.639s] [31mCMake Error at CMakeLists.txt:13 (find_package):
[2.640s]   By not providing "Findcustom_msgs.cmake" in CMAKE_MODULE_PATH this project
[2.641s]   has asked CMake to find a package configuration file provided by
[2.642s]   "custom_msgs", but CMake did not find one.
[2.643s] 
[2.644s]   Could not find a package configuration file provided by "custom_msgs" with
[2.646s]   any of the following names:
[2.656s] 
[2.657s]     custom_msgsConfig.cmake
[2.659s]     custom_msgs-config.cmake
[2.660s] 
[2.662s]   Add the installation prefix of "custom_msgs" to CMAKE_PREFIX_PATH or set
[2.665s]   "custom_msgs_DIR" to a directory containing one of the above files.  If
[2.668s]   "custom_msgs" provides a separate development package or SDK, be sure it
[2.673s]   has been installed.
[2.676s] 
[2.678s] [0m
[2.682s] -- Configuring incomplete, errors occurred!
[2.685s] See also "/home/asdfr_cbl_08/ROS2-RELbot/build/setpoints_publisher/CMakeFiles/CMakeOutput.log".
[2.696s] gmake: *** [Makefile:267: cmake_check_build_system] Error 1
[2.704s] Invoked command in '/home/asdfr_cbl_08/ROS2-RELbot/build/setpoints_publisher' returned '2': /usr/bin/cmake --build /home/asdfr_cbl_08/ROS2-RELbot/build/setpoints_publisher -- -j3 -l3
