[0.036s] Invoking command in '/home/asdfr_cbl_08/ROS2-RELbot/build/setpoints_publisher': CMAKE_PREFIX_PATH=/opt/ros/humble /usr/bin/cmake /home/asdfr_cbl_08/ROS2-RELbot/src/setpoints_publisher -DCMAKE_INSTALL_PREFIX=/home/asdfr_cbl_08/ROS2-RELbot/install/setpoints_publisher
[0.985s] -- The C compiler identification is GNU 11.4.0
[1.683s] -- The CXX compiler identification is GNU 11.4.0
[1.805s] -- Detecting C compiler ABI info
[2.146s] -- Detecting C compiler ABI info - done
[2.188s] -- Check for working C compiler: /usr/bin/cc - skipped
[2.191s] -- Detecting C compile features
[2.192s] -- Detecting C compile features - done
[2.206s] -- Detecting CXX compiler ABI info
[2.525s] -- Detecting CXX compiler ABI info - done
[2.569s] -- Check for working CXX compiler: /usr/bin/c++ - skipped
[2.575s] -- Detecting CXX compile features
[2.576s] -- Detecting CXX compile features - done
[2.584s] -- Found ament_cmake: 1.3.8 (/opt/ros/humble/share/ament_cmake/cmake)
[3.283s] -- Found Python3: /usr/bin/python3 (found version "3.10.12") found components: Interpreter 
[3.754s] -- Found rclcpp: 16.0.8 (/opt/ros/humble/share/rclcpp/cmake)
[3.938s] -- Found rosidl_generator_c: 3.1.5 (/opt/ros/humble/share/rosidl_generator_c/cmake)
[3.954s] -- Found rosidl_adapter: 3.1.5 (/opt/ros/humble/share/rosidl_adapter/cmake)
[3.987s] -- Found rosidl_generator_cpp: 3.1.5 (/opt/ros/humble/share/rosidl_generator_cpp/cmake)
[4.043s] -- Using all available rosidl_typesupport_c: rosidl_typesupport_fastrtps_c;rosidl_typesupport_introspection_c
[4.117s] -- Using all available rosidl_typesupport_cpp: rosidl_typesupport_fastrtps_cpp;rosidl_typesupport_introspection_cpp
[4.374s] -- Found rmw_implementation_cmake: 6.1.1 (/opt/ros/humble/share/rmw_implementation_cmake/cmake)
[4.383s] -- Found rmw_fastrtps_cpp: 6.2.6 (/opt/ros/humble/share/rmw_fastrtps_cpp/cmake)
[4.734s] -- Found OpenSSL: /usr/lib/aarch64-linux-gnu/libcrypto.so (found version "3.0.2")  
[4.810s] -- Found FastRTPS: /opt/ros/humble/include  
[4.929s] -- Using RMW implementation 'rmw_fastrtps_cpp' as default
[4.972s] -- Looking for pthread.h
[5.261s] -- Looking for pthread.h - found
[5.263s] -- Performing Test CMAKE_HAVE_LIBC_PTHREAD
[5.556s] -- Performing Test CMAKE_HAVE_LIBC_PTHREAD - Success
[5.566s] -- Found Threads: TRUE  
[6.217s] -- Found geometry_msgs: 4.2.3 (/opt/ros/humble/share/geometry_msgs/cmake)
[6.388s] -- Found ament_lint_auto: 0.12.10 (/opt/ros/humble/share/ament_lint_auto/cmake)
[6.776s] -- Added test 'cppcheck' to perform static code analysis on C / C++ code
[6.777s] -- Configured cppcheck include dirs: $<BUILD_INTERFACE:/home/asdfr_cbl_08/ROS2-RELbot/src/setpoints_publisher/include/setpoints_publisher>
[6.779s] -- Configured cppcheck exclude dirs and/or files: 
[6.781s] -- Added test 'flake8' to check Python code syntax and style conventions
[6.783s] -- Added test 'lint_cmake' to check CMake code style
[6.786s] -- Added test 'pep257' to check Python code against some of the docstring style conventions in PEP 257
[6.790s] -- Added test 'uncrustify' to check C / C++ code style
[6.791s] -- Configured uncrustify additional arguments: 
[6.793s] -- Added test 'xmllint' to check XML markup files
[6.807s] -- Configuring done
[6.861s] -- Generating done
[6.871s] -- Build files have been written to: /home/asdfr_cbl_08/ROS2-RELbot/build/setpoints_publisher
[6.911s] Invoked command in '/home/asdfr_cbl_08/ROS2-RELbot/build/setpoints_publisher' returned '0': CMAKE_PREFIX_PATH=/opt/ros/humble /usr/bin/cmake /home/asdfr_cbl_08/ROS2-RELbot/src/setpoints_publisher -DCMAKE_INSTALL_PREFIX=/home/asdfr_cbl_08/ROS2-RELbot/install/setpoints_publisher
[6.915s] Invoking command in '/home/asdfr_cbl_08/ROS2-RELbot/build/setpoints_publisher': CMAKE_PREFIX_PATH=/opt/ros/humble /usr/bin/cmake --build /home/asdfr_cbl_08/ROS2-RELbot/build/setpoints_publisher -- -j3 -l3
[7.056s] [ 50%] [32mBuilding CXX object CMakeFiles/setpoints_publisher.dir/src/setpoints_publisher.cpp.o[0m
[44.503s] [100%] [32m[1mLinking CXX executable setpoints_publisher[0m
[46.922s] [100%] Built target setpoints_publisher
[46.955s] Invoked command in '/home/asdfr_cbl_08/ROS2-RELbot/build/setpoints_publisher' returned '0': CMAKE_PREFIX_PATH=/opt/ros/humble /usr/bin/cmake --build /home/asdfr_cbl_08/ROS2-RELbot/build/setpoints_publisher -- -j3 -l3
[47.044s] Invoking command in '/home/asdfr_cbl_08/ROS2-RELbot/build/setpoints_publisher': CMAKE_PREFIX_PATH=/opt/ros/humble /usr/bin/cmake --install /home/asdfr_cbl_08/ROS2-RELbot/build/setpoints_publisher
[47.067s] -- Install configuration: ""
[47.069s] -- Installing: /home/asdfr_cbl_08/ROS2-RELbot/install/setpoints_publisher/share/setpoints_publisher//launch
[47.073s] -- Installing: /home/asdfr_cbl_08/ROS2-RELbot/install/setpoints_publisher/share/setpoints_publisher//launch/start_all_nodes.launch.py
[47.077s] -- Installing: /home/asdfr_cbl_08/ROS2-RELbot/install/setpoints_publisher/lib/setpoints_publisher/setpoints_publisher
[47.328s] -- Set runtime path of "/home/asdfr_cbl_08/ROS2-RELbot/install/setpoints_publisher/lib/setpoints_publisher/setpoints_publisher" to ""
[47.330s] -- Installing: /home/asdfr_cbl_08/ROS2-RELbot/install/setpoints_publisher/share/ament_index/resource_index/package_run_dependencies/setpoints_publisher
[47.333s] -- Installing: /home/asdfr_cbl_08/ROS2-RELbot/install/setpoints_publisher/share/ament_index/resource_index/parent_prefix_path/setpoints_publisher
[47.336s] -- Installing: /home/asdfr_cbl_08/ROS2-RELbot/install/setpoints_publisher/share/setpoints_publisher/environment/ament_prefix_path.sh
[47.339s] -- Installing: /home/asdfr_cbl_08/ROS2-RELbot/install/setpoints_publisher/share/setpoints_publisher/environment/ament_prefix_path.dsv
[47.342s] -- Installing: /home/asdfr_cbl_08/ROS2-RELbot/install/setpoints_publisher/share/setpoints_publisher/environment/path.sh
[47.346s] -- Installing: /home/asdfr_cbl_08/ROS2-RELbot/install/setpoints_publisher/share/setpoints_publisher/environment/path.dsv
[47.351s] -- Installing: /home/asdfr_cbl_08/ROS2-RELbot/install/setpoints_publisher/share/setpoints_publisher/local_setup.bash
[47.353s] -- Installing: /home/asdfr_cbl_08/ROS2-RELbot/install/setpoints_publisher/share/setpoints_publisher/local_setup.sh
[47.354s] -- Installing: /home/asdfr_cbl_08/ROS2-RELbot/install/setpoints_publisher/share/setpoints_publisher/local_setup.zsh
[47.358s] -- Installing: /home/asdfr_cbl_08/ROS2-RELbot/install/setpoints_publisher/share/setpoints_publisher/local_setup.dsv
[47.362s] -- Installing: /home/asdfr_cbl_08/ROS2-RELbot/install/setpoints_publisher/share/setpoints_publisher/package.dsv
[47.366s] -- Installing: /home/asdfr_cbl_08/ROS2-RELbot/install/setpoints_publisher/share/ament_index/resource_index/packages/setpoints_publisher
[47.367s] -- Installing: /home/asdfr_cbl_08/ROS2-RELbot/install/setpoints_publisher/share/setpoints_publisher/cmake/setpoints_publisherConfig.cmake
[47.372s] -- Installing: /home/asdfr_cbl_08/ROS2-RELbot/install/setpoints_publisher/share/setpoints_publisher/cmake/setpoints_publisherConfig-version.cmake
[47.376s] -- Installing: /home/asdfr_cbl_08/ROS2-RELbot/install/setpoints_publisher/share/setpoints_publisher/package.xml
[47.386s] Invoked command in '/home/asdfr_cbl_08/ROS2-RELbot/build/setpoints_publisher' returned '0': CMAKE_PREFIX_PATH=/opt/ros/humble /usr/bin/cmake --install /home/asdfr_cbl_08/ROS2-RELbot/build/setpoints_publisher
