[0.037s] Invoking command in '/home/asdfr_cbl_08/ROS2-RELbot/build/setpoints_publisher': CMAKE_PREFIX_PATH=${CMAKE_PREFIX_PATH}:/opt/ros/humble /usr/bin/cmake --build /home/asdfr_cbl_08/ROS2-RELbot/build/setpoints_publisher -- -j3 -l3
[0.148s] [35m[1mConsolidate compiler generated dependencies of target setpoints_publisher[0m
[0.515s] [ 50%] [32mBuilding CXX object CMakeFiles/setpoints_publisher.dir/src/setpoints_publisher.cpp.o[0m
[32.993s] [100%] [32m[1mLinking CXX executable setpoints_publisher[0m
[35.083s] [100%] Built target setpoints_publisher
[35.116s] Invoked command in '/home/asdfr_cbl_08/ROS2-RELbot/build/setpoints_publisher' returned '0': CMAKE_PREFIX_PATH=${CMAKE_PREFIX_PATH}:/opt/ros/humble /usr/bin/cmake --build /home/asdfr_cbl_08/ROS2-RELbot/build/setpoints_publisher -- -j3 -l3
[35.202s] Invoking command in '/home/asdfr_cbl_08/ROS2-RELbot/build/setpoints_publisher': CMAKE_PREFIX_PATH=${CMAKE_PREFIX_PATH}:/opt/ros/humble /usr/bin/cmake --install /home/asdfr_cbl_08/ROS2-RELbot/build/setpoints_publisher
[35.233s] -- Install configuration: ""
[35.235s] -- Up-to-date: /home/asdfr_cbl_08/ROS2-RELbot/install/setpoints_publisher/share/setpoints_publisher//launch
[35.237s] -- Up-to-date: /home/asdfr_cbl_08/ROS2-RELbot/install/setpoints_publisher/share/setpoints_publisher//launch/start_all_nodes.launch.py
[35.238s] -- Installing: /home/asdfr_cbl_08/ROS2-RELbot/install/setpoints_publisher/lib/setpoints_publisher/setpoints_publisher
[35.385s] -- Set runtime path of "/home/asdfr_cbl_08/ROS2-RELbot/install/setpoints_publisher/lib/setpoints_publisher/setpoints_publisher" to ""
[35.386s] -- Installing: /home/asdfr_cbl_08/ROS2-RELbot/install/setpoints_publisher/share/ament_index/resource_index/package_run_dependencies/setpoints_publisher
[35.388s] -- Installing: /home/asdfr_cbl_08/ROS2-RELbot/install/setpoints_publisher/share/ament_index/resource_index/parent_prefix_path/setpoints_publisher
[35.389s] -- Up-to-date: /home/asdfr_cbl_08/ROS2-RELbot/install/setpoints_publisher/share/setpoints_publisher/environment/ament_prefix_path.sh
[35.390s] -- Installing: /home/asdfr_cbl_08/ROS2-RELbot/install/setpoints_publisher/share/setpoints_publisher/environment/ament_prefix_path.dsv
[35.392s] -- Up-to-date: /home/asdfr_cbl_08/ROS2-RELbot/install/setpoints_publisher/share/setpoints_publisher/environment/path.sh
[35.393s] -- Installing: /home/asdfr_cbl_08/ROS2-RELbot/install/setpoints_publisher/share/setpoints_publisher/environment/path.dsv
[35.394s] -- Up-to-date: /home/asdfr_cbl_08/ROS2-RELbot/install/setpoints_publisher/share/setpoints_publisher/local_setup.bash
[35.396s] -- Up-to-date: /home/asdfr_cbl_08/ROS2-RELbot/install/setpoints_publisher/share/setpoints_publisher/local_setup.sh
[35.397s] -- Up-to-date: /home/asdfr_cbl_08/ROS2-RELbot/install/setpoints_publisher/share/setpoints_publisher/local_setup.zsh
[35.398s] -- Installing: /home/asdfr_cbl_08/ROS2-RELbot/install/setpoints_publisher/share/setpoints_publisher/local_setup.dsv
[35.399s] -- Installing: /home/asdfr_cbl_08/ROS2-RELbot/install/setpoints_publisher/share/setpoints_publisher/package.dsv
[35.400s] -- Up-to-date: /home/asdfr_cbl_08/ROS2-RELbot/install/setpoints_publisher/share/ament_index/resource_index/packages/setpoints_publisher
[35.401s] -- Up-to-date: /home/asdfr_cbl_08/ROS2-RELbot/install/setpoints_publisher/share/setpoints_publisher/cmake/setpoints_publisherConfig.cmake
[35.401s] -- Up-to-date: /home/asdfr_cbl_08/ROS2-RELbot/install/setpoints_publisher/share/setpoints_publisher/cmake/setpoints_publisherConfig-version.cmake
[35.402s] -- Installing: /home/asdfr_cbl_08/ROS2-RELbot/install/setpoints_publisher/share/setpoints_publisher/package.xml
[35.406s] Invoked command in '/home/asdfr_cbl_08/ROS2-RELbot/build/setpoints_publisher' returned '0': CMAKE_PREFIX_PATH=${CMAKE_PREFIX_PATH}:/opt/ros/humble /usr/bin/cmake --install /home/asdfr_cbl_08/ROS2-RELbot/build/setpoints_publisher
