[0.491s] DEBUG:colcon:Command line arguments: ['/usr/bin/colcon', 'build', '--packages-select', 'setpoints_publisher']
[0.492s] DEBUG:colcon:Parsed command line arguments: Namespace(log_base=None, log_level=None, verb_name='build', build_base='build', install_base='install', merge_install=False, symlink_install=False, test_result_base=None, continue_on_error=False, executor='parallel', parallel_workers=3, event_handlers=None, ignore_user_meta=False, metas=['./colcon.meta'], base_paths=['.'], packages_ignore=None, packages_ignore_regex=None, paths=None, packages_up_to=None, packages_up_to_regex=None, packages_above=None, packages_above_and_dependencies=None, packages_above_depth=None, packages_select_by_dep=None, packages_skip_by_dep=None, packages_skip_up_to=None, packages_select_build_failed=False, packages_skip_build_finished=False, packages_select_test_failures=False, packages_skip_test_passed=False, packages_select=['setpoints_publisher'], packages_skip=None, packages_select_regex=None, packages_skip_regex=None, packages_start=None, packages_end=None, allow_overriding=[], cmake_args=None, cmake_target=None, cmake_target_skip_unavailable=False, cmake_clean_cache=False, cmake_clean_first=False, cmake_force_configure=False, ament_cmake_args=None, catkin_cmake_args=None, catkin_skip_building_tests=False, verb_parser=<colcon_defaults.argument_parser.defaults.DefaultArgumentsDecorator object at 0xffff96da0880>, verb_extension=<colcon_core.verb.build.BuildVerb object at 0xffff96ff2140>, main=<bound method BuildVerb.main of <colcon_core.verb.build.BuildVerb object at 0xffff96ff2140>>)
[1.383s] Level 1:colcon.colcon_core.package_discovery:discover_packages(colcon_meta) check parameters
[1.384s] Level 1:colcon.colcon_core.package_discovery:discover_packages(recursive) check parameters
[1.384s] Level 1:colcon.colcon_core.package_discovery:discover_packages(ignore) check parameters
[1.385s] Level 1:colcon.colcon_core.package_discovery:discover_packages(path) check parameters
[1.385s] Level 1:colcon.colcon_core.package_discovery:discover_packages(colcon_meta) discover
[1.385s] Level 1:colcon.colcon_core.package_discovery:discover_packages(recursive) discover
[1.386s] INFO:colcon.colcon_core.package_discovery:Crawling recursively for packages in '/home/asdfr_cbl_08/ROS2-RELbot'
[1.387s] Level 1:colcon.colcon_core.package_identification:_identify(.) by extensions ['ignore', 'ignore_ament_install']
[1.387s] Level 1:colcon.colcon_core.package_identification:_identify(.) by extension 'ignore'
[1.388s] Level 1:colcon.colcon_core.package_identification:_identify(.) by extension 'ignore_ament_install'
[1.388s] Level 1:colcon.colcon_core.package_identification:_identify(.) by extensions ['colcon_pkg']
[1.388s] Level 1:colcon.colcon_core.package_identification:_identify(.) by extension 'colcon_pkg'
[1.389s] Level 1:colcon.colcon_core.package_identification:_identify(.) by extensions ['colcon_meta']
[1.389s] Level 1:colcon.colcon_core.package_identification:_identify(.) by extension 'colcon_meta'
[1.389s] Level 1:colcon.colcon_core.package_identification:_identify(.) by extensions ['ros']
[1.390s] Level 1:colcon.colcon_core.package_identification:_identify(.) by extension 'ros'
[1.446s] Level 1:colcon.colcon_core.package_identification:_identify(.) by extensions ['cmake', 'python']
[1.447s] Level 1:colcon.colcon_core.package_identification:_identify(.) by extension 'cmake'
[1.447s] Level 1:colcon.colcon_core.package_identification:_identify(.) by extension 'python'
[1.447s] Level 1:colcon.colcon_core.package_identification:_identify(.) by extensions ['python_setup_py']
[1.448s] Level 1:colcon.colcon_core.package_identification:_identify(.) by extension 'python_setup_py'
[1.449s] Level 1:colcon.colcon_core.package_identification:_identify(build) by extensions ['ignore', 'ignore_ament_install']
[1.449s] Level 1:colcon.colcon_core.package_identification:_identify(build) by extension 'ignore'
[1.450s] Level 1:colcon.colcon_core.package_identification:_identify(build) ignored
[1.451s] Level 1:colcon.colcon_core.package_identification:_identify(install) by extensions ['ignore', 'ignore_ament_install']
[1.451s] Level 1:colcon.colcon_core.package_identification:_identify(install) by extension 'ignore'
[1.452s] Level 1:colcon.colcon_core.package_identification:_identify(install) ignored
[1.452s] Level 1:colcon.colcon_core.package_identification:_identify(log) by extensions ['ignore', 'ignore_ament_install']
[1.453s] Level 1:colcon.colcon_core.package_identification:_identify(log) by extension 'ignore'
[1.453s] Level 1:colcon.colcon_core.package_identification:_identify(log) ignored
[1.454s] Level 1:colcon.colcon_core.package_identification:_identify(src) by extensions ['ignore', 'ignore_ament_install']
[1.455s] Level 1:colcon.colcon_core.package_identification:_identify(src) by extension 'ignore'
[1.455s] Level 1:colcon.colcon_core.package_identification:_identify(src) by extension 'ignore_ament_install'
[1.455s] Level 1:colcon.colcon_core.package_identification:_identify(src) by extensions ['colcon_pkg']
[1.456s] Level 1:colcon.colcon_core.package_identification:_identify(src) by extension 'colcon_pkg'
[1.456s] Level 1:colcon.colcon_core.package_identification:_identify(src) by extensions ['colcon_meta']
[1.456s] Level 1:colcon.colcon_core.package_identification:_identify(src) by extension 'colcon_meta'
[1.457s] Level 1:colcon.colcon_core.package_identification:_identify(src) by extensions ['ros']
[1.457s] Level 1:colcon.colcon_core.package_identification:_identify(src) by extension 'ros'
[1.458s] Level 1:colcon.colcon_core.package_identification:_identify(src) by extensions ['cmake', 'python']
[1.458s] Level 1:colcon.colcon_core.package_identification:_identify(src) by extension 'cmake'
[1.459s] Level 1:colcon.colcon_core.package_identification:_identify(src) by extension 'python'
[1.460s] Level 1:colcon.colcon_core.package_identification:_identify(src) by extensions ['python_setup_py']
[1.462s] Level 1:colcon.colcon_core.package_identification:_identify(src) by extension 'python_setup_py'
[1.463s] Level 1:colcon.colcon_core.package_identification:_identify(src/cam_imag_pro) by extensions ['ignore', 'ignore_ament_install']
[1.464s] Level 1:colcon.colcon_core.package_identification:_identify(src/cam_imag_pro) by extension 'ignore'
[1.465s] Level 1:colcon.colcon_core.package_identification:_identify(src/cam_imag_pro) by extension 'ignore_ament_install'
[1.468s] Level 1:colcon.colcon_core.package_identification:_identify(src/cam_imag_pro) by extensions ['colcon_pkg']
[1.470s] Level 1:colcon.colcon_core.package_identification:_identify(src/cam_imag_pro) by extension 'colcon_pkg'
[1.471s] Level 1:colcon.colcon_core.package_identification:_identify(src/cam_imag_pro) by extensions ['colcon_meta']
[1.471s] Level 1:colcon.colcon_core.package_identification:_identify(src/cam_imag_pro) by extension 'colcon_meta'
[1.472s] Level 1:colcon.colcon_core.package_identification:_identify(src/cam_imag_pro) by extensions ['ros']
[1.472s] Level 1:colcon.colcon_core.package_identification:_identify(src/cam_imag_pro) by extension 'ros'
[1.484s] DEBUG:colcon.colcon_core.package_identification:Package 'src/cam_imag_pro' with type 'ros.ament_cmake' and name 'cam_imag_pro'
[1.485s] Level 1:colcon.colcon_core.package_identification:_identify(src/setpoints_publisher) by extensions ['ignore', 'ignore_ament_install']
[1.485s] Level 1:colcon.colcon_core.package_identification:_identify(src/setpoints_publisher) by extension 'ignore'
[1.486s] Level 1:colcon.colcon_core.package_identification:_identify(src/setpoints_publisher) by extension 'ignore_ament_install'
[1.486s] Level 1:colcon.colcon_core.package_identification:_identify(src/setpoints_publisher) by extensions ['colcon_pkg']
[1.487s] Level 1:colcon.colcon_core.package_identification:_identify(src/setpoints_publisher) by extension 'colcon_pkg'
[1.487s] Level 1:colcon.colcon_core.package_identification:_identify(src/setpoints_publisher) by extensions ['colcon_meta']
[1.487s] Level 1:colcon.colcon_core.package_identification:_identify(src/setpoints_publisher) by extension 'colcon_meta'
[1.488s] Level 1:colcon.colcon_core.package_identification:_identify(src/setpoints_publisher) by extensions ['ros']
[1.488s] Level 1:colcon.colcon_core.package_identification:_identify(src/setpoints_publisher) by extension 'ros'
[1.490s] DEBUG:colcon.colcon_core.package_identification:Failed to parse potential ROS package manifest in'src/setpoints_publisher': Error(s) in package 'src/setpoints_publisher/package.xml':
The manifest contains invalid XML:
mismatched tag: line 15, column 23
[1.491s] Level 1:colcon.colcon_core.package_identification:_identify(src/setpoints_publisher) by extensions ['cmake', 'python']
[1.491s] Level 1:colcon.colcon_core.package_identification:_identify(src/setpoints_publisher) by extension 'cmake'
[1.498s] Level 1:colcon.colcon_core.package_identification:_identify(src/setpoints_publisher) by extension 'python'
[1.499s] DEBUG:colcon.colcon_core.package_identification:Package 'src/setpoints_publisher' with type 'cmake' and name 'setpoints_publisher'
[1.500s] Level 1:colcon.colcon_core.package_discovery:discover_packages(recursive) using defaults
[1.500s] Level 1:colcon.colcon_core.package_discovery:discover_packages(ignore) discover
[1.501s] Level 1:colcon.colcon_core.package_discovery:discover_packages(ignore) using defaults
[1.501s] Level 1:colcon.colcon_core.package_discovery:discover_packages(path) discover
[1.502s] Level 1:colcon.colcon_core.package_discovery:discover_packages(path) using defaults
[1.584s] INFO:colcon.colcon_core.package_selection:Skipping not selected package 'cam_imag_pro' in 'src/cam_imag_pro'
[1.586s] Level 1:colcon.colcon_core.package_discovery:discover_packages(prefix_path) check parameters
[1.587s] Level 1:colcon.colcon_core.package_discovery:discover_packages(prefix_path) discover
[1.596s] DEBUG:colcon.colcon_installed_package_information.package_discovery:Found 270 installed packages in /opt/ros/humble
[1.655s] Level 1:colcon.colcon_core.package_discovery:discover_packages(prefix_path) using defaults
[1.846s] Level 5:colcon.colcon_core.verb:set package 'setpoints_publisher' build argument 'cmake_args' from command line to 'None'
[1.846s] Level 5:colcon.colcon_core.verb:set package 'setpoints_publisher' build argument 'cmake_target' from command line to 'None'
[1.847s] Level 5:colcon.colcon_core.verb:set package 'setpoints_publisher' build argument 'cmake_target_skip_unavailable' from command line to 'False'
[1.847s] Level 5:colcon.colcon_core.verb:set package 'setpoints_publisher' build argument 'cmake_clean_cache' from command line to 'False'
[1.848s] Level 5:colcon.colcon_core.verb:set package 'setpoints_publisher' build argument 'cmake_clean_first' from command line to 'False'
[1.848s] Level 5:colcon.colcon_core.verb:set package 'setpoints_publisher' build argument 'cmake_force_configure' from command line to 'False'
[1.848s] Level 5:colcon.colcon_core.verb:set package 'setpoints_publisher' build argument 'ament_cmake_args' from command line to 'None'
[1.849s] Level 5:colcon.colcon_core.verb:set package 'setpoints_publisher' build argument 'catkin_cmake_args' from command line to 'None'
[1.849s] Level 5:colcon.colcon_core.verb:set package 'setpoints_publisher' build argument 'catkin_skip_building_tests' from command line to 'False'
[1.850s] DEBUG:colcon.colcon_core.verb:Building package 'setpoints_publisher' with the following arguments: {'ament_cmake_args': None, 'build_base': '/home/asdfr_cbl_08/ROS2-RELbot/build/setpoints_publisher', 'catkin_cmake_args': None, 'catkin_skip_building_tests': False, 'cmake_args': None, 'cmake_clean_cache': False, 'cmake_clean_first': False, 'cmake_force_configure': False, 'cmake_target': None, 'cmake_target_skip_unavailable': False, 'install_base': '/home/asdfr_cbl_08/ROS2-RELbot/install/setpoints_publisher', 'merge_install': False, 'path': '/home/asdfr_cbl_08/ROS2-RELbot/src/setpoints_publisher', 'symlink_install': False, 'test_result_base': None}
[1.852s] INFO:colcon.colcon_core.executor:Executing jobs using 'parallel' executor
[1.857s] DEBUG:colcon.colcon_parallel_executor.executor.parallel:run_until_complete
[1.858s] INFO:colcon.colcon_cmake.task.cmake.build:Building CMake package in '/home/asdfr_cbl_08/ROS2-RELbot/src/setpoints_publisher'
[1.879s] INFO:colcon.colcon_core.plugin_system:Skipping extension 'colcon_core.shell.bat': Not used on non-Windows systems
[1.881s] INFO:colcon.colcon_core.shell:Skip shell extension 'powershell' for command environment: Not usable outside of PowerShell
[1.881s] DEBUG:colcon.colcon_core.shell:Skip shell extension 'dsv' for command environment
[1.917s] DEBUG:colcon.colcon_core.event_handler.log_command:Invoking command in '/home/asdfr_cbl_08/ROS2-RELbot/build/setpoints_publisher': /usr/bin/cmake --build /home/asdfr_cbl_08/ROS2-RELbot/build/setpoints_publisher -- -j3 -l3
[4.769s] DEBUG:colcon.colcon_core.event_handler.log_command:Invoked command in '/home/asdfr_cbl_08/ROS2-RELbot/build/setpoints_publisher' returned '2': /usr/bin/cmake --build /home/asdfr_cbl_08/ROS2-RELbot/build/setpoints_publisher -- -j3 -l3
[4.772s] DEBUG:colcon.colcon_parallel_executor.executor.parallel:closing loop
[4.775s] DEBUG:colcon.colcon_parallel_executor.executor.parallel:loop closed
[4.775s] DEBUG:colcon.colcon_parallel_executor.executor.parallel:run_until_complete finished with '2'
[4.782s] DEBUG:colcon.colcon_core.event_reactor:joining thread
[4.809s] INFO:colcon.colcon_core.plugin_system:Skipping extension 'colcon_notification.desktop_notification.notify_send': Could not find 'notify-send'
[4.810s] INFO:colcon.colcon_core.plugin_system:Skipping extension 'colcon_notification.desktop_notification.terminal_notifier': Not used on non-Darwin systems
[4.811s] INFO:colcon.colcon_core.plugin_system:Skipping extension 'colcon_notification.desktop_notification.win32': Not used on non-Windows systems
[4.812s] INFO:colcon.colcon_notification.desktop_notification:Sending desktop notification using 'notify2'
[4.815s] DEBUG:colcon.colcon_notification.desktop_notification.notify2:Failed to initialize notify2: org.freedesktop.DBus.Error.ServiceUnknown: The name org.freedesktop.Notifications was not provided by any .service files
[4.816s] DEBUG:colcon.colcon_core.event_reactor:joined thread
[4.817s] INFO:colcon.colcon_core.shell:Creating prefix script '/home/asdfr_cbl_08/ROS2-RELbot/install/local_setup.ps1'
[4.821s] INFO:colcon.colcon_core.shell:Creating prefix util module '/home/asdfr_cbl_08/ROS2-RELbot/install/_local_setup_util_ps1.py'
[4.828s] INFO:colcon.colcon_core.shell:Creating prefix chain script '/home/asdfr_cbl_08/ROS2-RELbot/install/setup.ps1'
[4.832s] INFO:colcon.colcon_core.shell:Creating prefix script '/home/asdfr_cbl_08/ROS2-RELbot/install/local_setup.sh'
[4.836s] INFO:colcon.colcon_core.shell:Creating prefix util module '/home/asdfr_cbl_08/ROS2-RELbot/install/_local_setup_util_sh.py'
[4.840s] INFO:colcon.colcon_core.shell:Creating prefix chain script '/home/asdfr_cbl_08/ROS2-RELbot/install/setup.sh'
[4.850s] INFO:colcon.colcon_core.shell:Creating prefix script '/home/asdfr_cbl_08/ROS2-RELbot/install/local_setup.bash'
[4.853s] INFO:colcon.colcon_core.shell:Creating prefix chain script '/home/asdfr_cbl_08/ROS2-RELbot/install/setup.bash'
[4.857s] INFO:colcon.colcon_core.shell:Creating prefix script '/home/asdfr_cbl_08/ROS2-RELbot/install/local_setup.zsh'
[4.860s] INFO:colcon.colcon_core.shell:Creating prefix chain script '/home/asdfr_cbl_08/ROS2-RELbot/install/setup.zsh'
