[0.046s] Invoking command in '/home/asdfr_cbl_08/ROS2-RELbot/build/setpoints_publisher': CMAKE_PREFIX_PATH=${CMAKE_PREFIX_PATH}:/opt/ros/humble /usr/bin/cmake --build /home/asdfr_cbl_08/ROS2-RELbot/build/setpoints_publisher -- -j3 -l3
[0.198s] [35m[1mConsolidate compiler generated dependencies of target setpoints_publisher[0m
[0.678s] [ 50%] [32mBuilding CXX object CMakeFiles/setpoints_publisher.dir/src/setpoints_publisher.cpp.o[0m
[43.939s] [100%] [32m[1mLinking CXX executable setpoints_publisher[0m
[46.674s] [100%] Built target setpoints_publisher
[46.713s] Invoked command in '/home/asdfr_cbl_08/ROS2-RELbot/build/setpoints_publisher' returned '0': CMAKE_PREFIX_PATH=${CMAKE_PREFIX_PATH}:/opt/ros/humble /usr/bin/cmake --build /home/asdfr_cbl_08/ROS2-RELbot/build/setpoints_publisher -- -j3 -l3
[46.834s] Invoking command in '/home/asdfr_cbl_08/ROS2-RELbot/build/setpoints_publisher': CMAKE_PREFIX_PATH=${CMAKE_PREFIX_PATH}:/opt/ros/humble /usr/bin/cmake --install /home/asdfr_cbl_08/ROS2-RELbot/build/setpoints_publisher
[46.862s] -- Install configuration: ""
[46.867s] -- Up-to-date: /home/asdfr_cbl_08/ROS2-RELbot/install/setpoints_publisher/share/setpoints_publisher//launch
[46.868s] -- Up-to-date: /home/asdfr_cbl_08/ROS2-RELbot/install/setpoints_publisher/share/setpoints_publisher//launch/start_all_nodes.launch.py
[46.870s] -- Installing: /home/asdfr_cbl_08/ROS2-RELbot/install/setpoints_publisher/lib/setpoints_publisher/setpoints_publisher
[47.041s] -- Set runtime path of "/home/asdfr_cbl_08/ROS2-RELbot/install/setpoints_publisher/lib/setpoints_publisher/setpoints_publisher" to ""
[47.043s] -- Up-to-date: /home/asdfr_cbl_08/ROS2-RELbot/install/setpoints_publisher/share/ament_index/resource_index/package_run_dependencies/setpoints_publisher
[47.045s] -- Up-to-date: /home/asdfr_cbl_08/ROS2-RELbot/install/setpoints_publisher/share/ament_index/resource_index/parent_prefix_path/setpoints_publisher
[47.057s] -- Up-to-date: /home/asdfr_cbl_08/ROS2-RELbot/install/setpoints_publisher/share/setpoints_publisher/environment/ament_prefix_path.sh
[47.069s] -- Up-to-date: /home/asdfr_cbl_08/ROS2-RELbot/install/setpoints_publisher/share/setpoints_publisher/environment/ament_prefix_path.dsv
[47.074s] -- Up-to-date: /home/asdfr_cbl_08/ROS2-RELbot/install/setpoints_publisher/share/setpoints_publisher/environment/path.sh
[47.093s] -- Up-to-date: /home/asdfr_cbl_08/ROS2-RELbot/install/setpoints_publisher/share/setpoints_publisher/environment/path.dsv
[47.095s] -- Up-to-date: /home/asdfr_cbl_08/ROS2-RELbot/install/setpoints_publisher/share/setpoints_publisher/local_setup.bash
[47.097s] -- Up-to-date: /home/asdfr_cbl_08/ROS2-RELbot/install/setpoints_publisher/share/setpoints_publisher/local_setup.sh
[47.098s] -- Up-to-date: /home/asdfr_cbl_08/ROS2-RELbot/install/setpoints_publisher/share/setpoints_publisher/local_setup.zsh
[47.100s] -- Up-to-date: /home/asdfr_cbl_08/ROS2-RELbot/install/setpoints_publisher/share/setpoints_publisher/local_setup.dsv
[47.102s] -- Installing: /home/asdfr_cbl_08/ROS2-RELbot/install/setpoints_publisher/share/setpoints_publisher/package.dsv
[47.104s] -- Up-to-date: /home/asdfr_cbl_08/ROS2-RELbot/install/setpoints_publisher/share/ament_index/resource_index/packages/setpoints_publisher
[47.105s] -- Up-to-date: /home/asdfr_cbl_08/ROS2-RELbot/install/setpoints_publisher/share/setpoints_publisher/cmake/setpoints_publisherConfig.cmake
[47.107s] -- Up-to-date: /home/asdfr_cbl_08/ROS2-RELbot/install/setpoints_publisher/share/setpoints_publisher/cmake/setpoints_publisherConfig-version.cmake
[47.108s] -- Up-to-date: /home/asdfr_cbl_08/ROS2-RELbot/install/setpoints_publisher/share/setpoints_publisher/package.xml
[47.109s] Invoked command in '/home/asdfr_cbl_08/ROS2-RELbot/build/setpoints_publisher' returned '0': CMAKE_PREFIX_PATH=${CMAKE_PREFIX_PATH}:/opt/ros/humble /usr/bin/cmake --install /home/asdfr_cbl_08/ROS2-RELbot/build/setpoints_publisher
